#
# There is insufficient memory for the Java Runtime Environment to continue.
# Native memory allocation (malloc) failed to allocate 267736 bytes. Error detail: Chunk::new
# Possible reasons:
#   The system is out of physical RAM or swap space
#   This process is running with CompressedOops enabled, and the Java Heap may be blocking the growth of the native heap
# Possible solutions:
#   Reduce memory load on the system
#   Increase physical memory or swap space
#   Check if swap backing store is full
#   Decrease Java heap size (-Xmx/-Xms)
#   Decrease number of Java threads
#   Decrease Java thread stack sizes (-Xss)
#   Set larger code cache with -XX:ReservedCodeCacheSize=
#   JVM is running with Unscaled Compressed Oops mode in which the Java heap is
#     placed in the first 4GB address space. The Java Heap base address is the
#     maximum limit for the native heap growth. Please use -XX:HeapBaseMinAddress
#     to set the Java Heap base and to place the Java Heap above 4GB virtual address.
# This output file may be truncated or incomplete.
#
#  Out of Memory Error (arena.cpp:162), pid=14480, tid=19808
#
# JRE version: OpenJDK Runtime Environment Temurin-24.0.2+12 (24.0.2+12) (build 24.0.2+12)
# Java VM: OpenJDK 64-Bit Server VM Temurin-24.0.2+12 (24.0.2+12, mixed mode, sharing, tiered, compressed oops, compressed class ptrs, g1 gc, windows-amd64)
# No core dump will be written. Minidumps are not enabled by default on client versions of Windows
#

---------------  S U M M A R Y ------------

Command Line: -javaagent:C:\Program Files\JetBrains\IntelliJ IDEA 2025.3\lib\idea_rt.jar=59850 -Dfile.encoding=UTF-8 -Dsun.stdout.encoding=UTF-8 -Dsun.stderr.encoding=UTF-8 com.example.backend.BackendApplication

Host: AMD Ryzen 5 5600H with Radeon Graphics         , 12 cores, 7G,  Windows 11 , 64 bit Build 26100 (10.0.26100.7623)
Time: Tue Jan 20 18:57:36 2026 India Standard Time elapsed time: 702.437072 seconds (0d 0h 11m 42s)

---------------  T H R E A D  ---------------

Current thread (0x000001887d04bc50):  JavaThread "C2 CompilerThread0" daemon [_thread_in_native, id=19808, stack(0x00000074a9100000,0x00000074a9200000) (1024K)]


Current CompileTask:
C2:702437 11651       4       java.util.TreeMap::put (221 bytes)

Stack: [0x00000074a9100000,0x00000074a9200000]
Native frames: (J=compiled Java code, j=interpreted, Vv=VM code, C=native code)
V  [jvm.dll+0x7341e9]  (no source info available)
V  [jvm.dll+0x96c0d3]  (no source info available)
V  [jvm.dll+0x96e5bd]  (no source info available)
V  [jvm.dll+0x96ec33]  (no source info available)
V  [jvm.dll+0x2ac166]  (no source info available)
V  [jvm.dll+0xced2f]  (no source info available)
V  [jvm.dll+0xcef8f]  (no source info available)
V  [jvm.dll+0x3f56ec]  (no source info available)
V  [jvm.dll+0x3c1890]  (no source info available)
V  [jvm.dll+0x3c0d0a]  (no source info available)
V  [jvm.dll+0x270877]  (no source info available)
V  [jvm.dll+0x26fb3f]  (no source info available)
V  [jvm.dll+0x1ea940]  (no source info available)
V  [jvm.dll+0x27f577]  (no source info available)
V  [jvm.dll+0x27d82a]  (no source info available)
V  [jvm.dll+0x431556]  (no source info available)
V  [jvm.dll+0x90fabb]  (no source info available)
V  [jvm.dll+0x732965]  (no source info available)
C  [ucrtbase.dll+0x37b0]  (no source info available)
C  [KERNEL32.DLL+0x2e8d7]  (no source info available)
C  [ntdll.dll+0x8c53c]  (no source info available)

Lock stack of current Java thread (top to bottom):


---------------  P R O C E S S  ---------------

Threads class SMR info:
_java_thread_list=0x000001885fc6dea0, length=42, elements={
0x000001887d024850, 0x000001887d024f90, 0x000001887d027e70, 0x000001887d02ae90,
0x000001887d0349e0, 0x000001887d035510, 0x000001887d04bc50, 0x0000018817a535c0,
0x0000018817c5a450, 0x0000018817defa50, 0x0000018817df0190, 0x000001885dc96b10,
0x000001885dc94680, 0x0000018860e5f180, 0x0000018860e5f8d0, 0x0000018860e60770,
0x0000018860e60ec0, 0x0000018860e5db90, 0x0000018860e624b0, 0x0000018860e63350,
0x0000018860e63aa0, 0x0000018860e641f0, 0x0000018860e64940, 0x000001885dc94dd0,
0x000001886224f990, 0x000001886224d500, 0x000001886224f240, 0x000001886224eaf0,
0x000001886224e3a0, 0x000001886224c660, 0x00000188622500e0, 0x000001886224cdb0,
0x0000018862252cc0, 0x00000188622516d0, 0x0000018862251e20, 0x0000018862252570,
0x0000018862253410, 0x000001885e9e2c30, 0x000001885e9e0ef0, 0x000001885e9df900,
0x000001885e9e1640, 0x000001885e9e07a0
}

Java Threads: ( => current thread )
  0x000001887d024850 JavaThread "Reference Handler"          daemon [_thread_blocked, id=6532, stack(0x00000074a8b00000,0x00000074a8c00000) (1024K)]
  0x000001887d024f90 JavaThread "Finalizer"                  daemon [_thread_blocked, id=16640, stack(0x00000074a8c00000,0x00000074a8d00000) (1024K)]
  0x000001887d027e70 JavaThread "Signal Dispatcher"          daemon [_thread_blocked, id=9764, stack(0x00000074a8d00000,0x00000074a8e00000) (1024K)]
  0x000001887d02ae90 JavaThread "Attach Listener"            daemon [_thread_blocked, id=3668, stack(0x00000074a8e00000,0x00000074a8f00000) (1024K)]
  0x000001887d0349e0 JavaThread "Service Thread"             daemon [_thread_blocked, id=18296, stack(0x00000074a8f00000,0x00000074a9000000) (1024K)]
  0x000001887d035510 JavaThread "Monitor Deflation Thread"   daemon [_thread_blocked, id=7432, stack(0x00000074a9000000,0x00000074a9100000) (1024K)]
=>0x000001887d04bc50 JavaThread "C2 CompilerThread0"         daemon [_thread_in_native, id=19808, stack(0x00000074a9100000,0x00000074a9200000) (1024K)]
  0x0000018817a535c0 JavaThread "C1 CompilerThread0"         daemon [_thread_blocked, id=14440, stack(0x00000074a9200000,0x00000074a9300000) (1024K)]
  0x0000018817c5a450 JavaThread "Common-Cleaner"             daemon [_thread_blocked, id=14360, stack(0x00000074a9400000,0x00000074a9500000) (1024K)]
  0x0000018817defa50 JavaThread "Monitor Ctrl-Break"         daemon [_thread_in_native, id=10596, stack(0x00000074a9500000,0x00000074a9600000) (1024K)]
  0x0000018817df0190 JavaThread "Notification Thread"        daemon [_thread_blocked, id=14540, stack(0x00000074a9600000,0x00000074a9700000) (1024K)]
  0x000001885dc96b10 JavaThread "mysql-cj-abandoned-connection-cleanup" daemon [_thread_blocked, id=2764, stack(0x00000074a9700000,0x00000074a9800000) (1024K)]
  0x000001885dc94680 JavaThread "HikariPool-1:housekeeper"   daemon [_thread_blocked, id=9464, stack(0x00000074a9d00000,0x00000074a9e00000) (1024K)]
  0x0000018860e5f180 JavaThread "Catalina-utility-1"                [_thread_blocked, id=9172, stack(0x00000074aa600000,0x00000074aa700000) (1024K)]
  0x0000018860e5f8d0 JavaThread "Catalina-utility-2"                [_thread_blocked, id=19016, stack(0x00000074aa700000,0x00000074aa800000) (1024K)]
  0x0000018860e60770 JavaThread "container-0"                       [_thread_blocked, id=5028, stack(0x00000074aa800000,0x00000074aa900000) (1024K)]
  0x0000018860e60ec0 JavaThread "Jndi-Dns-address-change-listener" daemon [_thread_in_native, id=19008, stack(0x00000074aa900000,0x00000074aaa00000) (1024K)]
  0x0000018860e5db90 JavaThread "lettuce-timer-3-1"          daemon [_thread_blocked, id=11340, stack(0x00000074aaa00000,0x00000074aab00000) (1024K)]
  0x0000018860e624b0 JavaThread "http-nio-8080-exec-1"       daemon [_thread_blocked, id=10952, stack(0x00000074aa500000,0x00000074aa600000) (1024K)]
  0x0000018860e63350 JavaThread "http-nio-8080-exec-2"       daemon [_thread_blocked, id=14096, stack(0x00000074aab00000,0x00000074aac00000) (1024K)]
  0x0000018860e63aa0 JavaThread "http-nio-8080-exec-3"       daemon [_thread_blocked, id=10784, stack(0x00000074aac00000,0x00000074aad00000) (1024K)]
  0x0000018860e641f0 JavaThread "http-nio-8080-exec-4"       daemon [_thread_blocked, id=11804, stack(0x00000074aad00000,0x00000074aae00000) (1024K)]
  0x0000018860e64940 JavaThread "http-nio-8080-exec-5"       daemon [_thread_blocked, id=12280, stack(0x00000074aae00000,0x00000074aaf00000) (1024K)]
  0x000001885dc94dd0 JavaThread "http-nio-8080-exec-6"       daemon [_thread_blocked, id=16280, stack(0x00000074aaf00000,0x00000074ab000000) (1024K)]
  0x000001886224f990 JavaThread "http-nio-8080-exec-7"       daemon [_thread_blocked, id=18036, stack(0x00000074ab000000,0x00000074ab100000) (1024K)]
  0x000001886224d500 JavaThread "http-nio-8080-exec-8"       daemon [_thread_blocked, id=11140, stack(0x00000074ab100000,0x00000074ab200000) (1024K)]
  0x000001886224f240 JavaThread "http-nio-8080-exec-9"       daemon [_thread_blocked, id=14032, stack(0x00000074ab200000,0x00000074ab300000) (1024K)]
  0x000001886224eaf0 JavaThread "http-nio-8080-exec-10"      daemon [_thread_blocked, id=6252, stack(0x00000074ab300000,0x00000074ab400000) (1024K)]
  0x000001886224e3a0 JavaThread "http-nio-8080-Poller"       daemon [_thread_in_native, id=16276, stack(0x00000074ab400000,0x00000074ab500000) (1024K)]
  0x000001886224c660 JavaThread "http-nio-8080-Acceptor"     daemon [_thread_in_native, id=17236, stack(0x00000074ab500000,0x00000074ab600000) (1024K)]
  0x00000188622500e0 JavaThread "scheduling-1"                      [_thread_blocked, id=9952, stack(0x00000074ab600000,0x00000074ab700000) (1024K)]
  0x000001886224cdb0 JavaThread "DestroyJavaVM"                     [_thread_blocked, id=16844, stack(0x00000074a8300000,0x00000074a8400000) (1024K)]
  0x0000018862252cc0 JavaThread "lettuce-nioEventLoop-4-1"   daemon [_thread_in_native, id=1212, stack(0x00000074a8100000,0x00000074a8200000) (1024K)]
  0x00000188622516d0 JavaThread "lettuce-nioEventLoop-4-2"   daemon [_thread_in_native, id=19648, stack(0x00000074a8200000,0x00000074a8300000) (1024K)]
  0x0000018862251e20 JavaThread "lettuce-nioEventLoop-4-3"   daemon [_thread_in_native, id=18788, stack(0x00000074a8000000,0x00000074a8100000) (1024K)]
  0x0000018862252570 JavaThread "lettuce-nioEventLoop-4-4"   daemon [_thread_in_native, id=19320, stack(0x00000074a9300000,0x00000074a9400000) (1024K)]
  0x0000018862253410 JavaThread "lettuce-eventExecutorLoop-1-1" daemon [_thread_blocked, id=780, stack(0x00000074ab700000,0x00000074ab800000) (1024K)]
  0x000001885e9e2c30 JavaThread "lettuce-nioEventLoop-4-5"   daemon [_thread_in_native, id=15400, stack(0x00000074ab800000,0x00000074ab900000) (1024K)]
  0x000001885e9e0ef0 JavaThread "lettuce-eventExecutorLoop-1-2" daemon [_thread_blocked, id=14352, stack(0x00000074ab900000,0x00000074aba00000) (1024K)]
  0x000001885e9df900 JavaThread "lettuce-eventExecutorLoop-1-3" daemon [_thread_blocked, id=8924, stack(0x00000074aba00000,0x00000074abb00000) (1024K)]
  0x000001885e9e1640 JavaThread "lettuce-eventExecutorLoop-1-4" daemon [_thread_blocked, id=18368, stack(0x00000074abb00000,0x00000074abc00000) (1024K)]
  0x000001885e9e07a0 JavaThread "lettuce-eventExecutorLoop-1-5" daemon [_thread_blocked, id=10832, stack(0x00000074abd00000,0x00000074abe00000) (1024K)]
Total: 42

Other Threads:
  0x000001887d015230 VMThread "VM Thread"                           [id=13976, stack(0x00000074a8a00000,0x00000074a8b00000) (1024K)]
  0x000001887cee3f50 WatcherThread "VM Periodic Task Thread"        [id=18448, stack(0x00000074a8900000,0x00000074a8a00000) (1024K)]
  0x00000188780a4e60 WorkerThread "GC Thread#0"                     [id=7796, stack(0x00000074a8400000,0x00000074a8500000) (1024K)]
  0x000001885dbbd440 WorkerThread "GC Thread#1"                     [id=9784, stack(0x00000074a9800000,0x00000074a9900000) (1024K)]
  0x000001885e0244c0 WorkerThread "GC Thread#2"                     [id=18428, stack(0x00000074a9900000,0x00000074a9a00000) (1024K)]
  0x000001885e025ae0 WorkerThread "GC Thread#3"                     [id=5548, stack(0x00000074a9a00000,0x00000074a9b00000) (1024K)]
  0x000001885e024870 WorkerThread "GC Thread#4"                     [id=4816, stack(0x00000074a9b00000,0x00000074a9c00000) (1024K)]
  0x000001885e025e90 WorkerThread "GC Thread#5"                     [id=14784, stack(0x00000074a9c00000,0x00000074a9d00000) (1024K)]
  0x000001885e5dcd30 WorkerThread "GC Thread#6"                     [id=8816, stack(0x00000074a9f00000,0x00000074aa000000) (1024K)]
  0x000001885e5dc980 WorkerThread "GC Thread#7"                     [id=8920, stack(0x00000074aa000000,0x00000074aa100000) (1024K)]
  0x000001885e5dc220 WorkerThread "GC Thread#8"                     [id=2504, stack(0x00000074aa100000,0x00000074aa200000) (1024K)]
  0x000001885e5dbe70 WorkerThread "GC Thread#9"                     [id=16496, stack(0x00000074aa200000,0x00000074aa300000) (1024K)]
  0x00000188780b8470 ConcurrentGCThread "G1 Main Marker"            [id=10160, stack(0x00000074a8500000,0x00000074a8600000) (1024K)]
  0x00000188780b9e70 WorkerThread "G1 Conc#0"                       [id=11784, stack(0x00000074a8600000,0x00000074a8700000) (1024K)]
  0x000001885e5dc5d0 WorkerThread "G1 Conc#1"                       [id=14068, stack(0x00000074aa300000,0x00000074aa400000) (1024K)]
  0x000001885e5db360 WorkerThread "G1 Conc#2"                       [id=18532, stack(0x00000074aa400000,0x00000074aa500000) (1024K)]
  0x000001887cedc0d0 ConcurrentGCThread "G1 Refine#0"               [id=13336, stack(0x00000074a8700000,0x00000074a8800000) (1024K)]
  0x000001887cedc510 ConcurrentGCThread "G1 Service"                [id=8488, stack(0x00000074a8800000,0x00000074a8900000) (1024K)]
Total: 18

Threads with active compile tasks:
C2 CompilerThread0  703554 11651       4       java.util.TreeMap::put (221 bytes)
C1 CompilerThread0  703554 11653   !   3       sun.security.ssl.SSLSocketImpl$AppOutputStream::write (311 bytes)
Total: 2

VM state: not at safepoint (normal execution)

VM Mutex/Monitor currently owned by a thread: None

Heap address: 0x000000008a800000, size: 1880 MB, Compressed Oops mode: 32-bit

CDS archive(s) mapped at: [0x0000018818000000-0x0000018818d40000-0x0000018818d40000), size 13893632, SharedBaseAddress: 0x0000018818000000, ArchiveRelocationMode: 1.
Compressed class space mapped at: 0x0000018819000000-0x0000018859000000, reserved size: 1073741824
UseCompressedClassPointers 1, UseCompactObjectHeaders 0
Narrow klass pointer bits 32, Max shift 3
Narrow klass base: 0x0000018818000000, Narrow klass shift: 0
Encoding Range: [0x0000018818000000 - 0x0000018918000000), (4294967296 bytes)
Klass Range:    [0x0000018818000000 - 0x0000018859000000), (1090519040 bytes)
Klass ID Range:  [8 - 1090519033) (1090519025)

GC Precious Log:
 CardTable entry size: 512
 Card Set container configuration: InlinePtr #cards 5 size 8 Array Of Cards #cards 10 size 36 Howl #buckets 4 coarsen threshold 1843 Howl Bitmap #cards 512 size 80 coarsen threshold 460 Card regions per heap region 1 cards per card region 2048
 CPUs: 12 total, 12 available
 Memory: 7518M
 Large Page Support: Disabled
 NUMA Support: Disabled
 Compressed Oops: Enabled (32-bit)
 Heap Region Size: 1M
 Heap Min Capacity: 8M
 Heap Initial Capacity: 118M
 Heap Max Capacity: 1880M
 Pre-touch: Disabled
 Parallel Workers: 10
 Concurrent Workers: 3
 Concurrent Refinement Workers: 10
 Periodic GC: Disabled

Heap:
 garbage-first heap   total reserved 1925120K, committed 204800K, used 100354K [0x000000008a800000, 0x0000000100000000)
  region size 1024K, 48 young (49152K), 10 survivors (10240K)
 Metaspace       used 112165K, committed 112832K, reserved 1179648K
  class space    used 12607K, committed 12864K, reserved 1048576K

Heap Regions: E=young(eden), S=young(survivor), O=old, HS=humongous(starts), HC=humongous(continues), CS=collection set, F=free, TAMS=top-at-mark-start, PB=parsable bottom
|   0|0x000000008a800000, 0x000000008a900000, 0x000000008a900000|100%|HS|  |TAMS 0x000000008a800000| PB 0x000000008a800000| Complete |  0
|   1|0x000000008a900000, 0x000000008aa00000, 0x000000008aa00000|100%|HS|  |TAMS 0x000000008a900000| PB 0x000000008a900000| Complete |  0
|   2|0x000000008aa00000, 0x000000008ab00000, 0x000000008ab00000|100%| O|  |TAMS 0x000000008aa00000| PB 0x000000008aa00000| Untracked |  0
|   3|0x000000008ab00000, 0x000000008ac00000, 0x000000008ac00000|100%| O|  |TAMS 0x000000008ab00000| PB 0x000000008ab00000| Untracked |  0
|   4|0x000000008ac00000, 0x000000008ad00000, 0x000000008ad00000|100%| O|  |TAMS 0x000000008ac00000| PB 0x000000008ac00000| Untracked |  0
|   5|0x000000008ad00000, 0x000000008ae00000, 0x000000008ae00000|100%| O|  |TAMS 0x000000008ad00000| PB 0x000000008ad00000| Untracked |  0
|   6|0x000000008ae00000, 0x000000008af00000, 0x000000008af00000|100%| O|  |TAMS 0x000000008ae00000| PB 0x000000008ae00000| Untracked |  0
|   7|0x000000008af00000, 0x000000008b000000, 0x000000008b000000|100%| O|  |TAMS 0x000000008af00000| PB 0x000000008af00000| Untracked |  0
|   8|0x000000008b000000, 0x000000008b100000, 0x000000008b100000|100%| O|  |TAMS 0x000000008b000000| PB 0x000000008b000000| Untracked |  0
|   9|0x000000008b100000, 0x000000008b200000, 0x000000008b200000|100%| O|  |TAMS 0x000000008b100000| PB 0x000000008b100000| Untracked |  0
|  10|0x000000008b200000, 0x000000008b300000, 0x000000008b300000|100%| O|  |TAMS 0x000000008b200000| PB 0x000000008b200000| Untracked |  0
|  11|0x000000008b300000, 0x000000008b400000, 0x000000008b400000|100%| O|  |TAMS 0x000000008b300000| PB 0x000000008b300000| Untracked |  0
|  12|0x000000008b400000, 0x000000008b500000, 0x000000008b500000|100%| O|  |TAMS 0x000000008b400000| PB 0x000000008b400000| Untracked |  0
|  13|0x000000008b500000, 0x000000008b600000, 0x000000008b600000|100%| O|  |TAMS 0x000000008b500000| PB 0x000000008b500000| Untracked |  0
|  14|0x000000008b600000, 0x000000008b700000, 0x000000008b700000|100%| O|  |TAMS 0x000000008b600000| PB 0x000000008b600000| Untracked |  0
|  15|0x000000008b700000, 0x000000008b800000, 0x000000008b800000|100%| O|  |TAMS 0x000000008b700000| PB 0x000000008b700000| Untracked |  0
|  16|0x000000008b800000, 0x000000008b900000, 0x000000008b900000|100%| O|  |TAMS 0x000000008b800000| PB 0x000000008b800000| Untracked |  0
|  17|0x000000008b900000, 0x000000008ba00000, 0x000000008ba00000|100%| O|  |TAMS 0x000000008b900000| PB 0x000000008b900000| Untracked |  0
|  18|0x000000008ba00000, 0x000000008bb00000, 0x000000008bb00000|100%| O|  |TAMS 0x000000008ba00000| PB 0x000000008ba00000| Untracked |  0
|  19|0x000000008bb00000, 0x000000008bc00000, 0x000000008bc00000|100%| O|  |TAMS 0x000000008bb00000| PB 0x000000008bb00000| Untracked |  0
|  20|0x000000008bc00000, 0x000000008bd00000, 0x000000008bd00000|100%| O|  |TAMS 0x000000008bc00000| PB 0x000000008bc00000| Untracked |  0
|  21|0x000000008bd00000, 0x000000008be00000, 0x000000008be00000|100%| O|  |TAMS 0x000000008bd00000| PB 0x000000008bd00000| Untracked |  0
|  22|0x000000008be00000, 0x000000008bf00000, 0x000000008bf00000|100%| O|  |TAMS 0x000000008be00000| PB 0x000000008be00000| Untracked |  0
|  23|0x000000008bf00000, 0x000000008c000000, 0x000000008c000000|100%| O|  |TAMS 0x000000008bf00000| PB 0x000000008bf00000| Untracked |  0
|  24|0x000000008c000000, 0x000000008c100000, 0x000000008c100000|100%| O|  |TAMS 0x000000008c000000| PB 0x000000008c000000| Untracked |  0
|  25|0x000000008c100000, 0x000000008c200000, 0x000000008c200000|100%| O|  |TAMS 0x000000008c100000| PB 0x000000008c100000| Untracked |  0
|  26|0x000000008c200000, 0x000000008c300000, 0x000000008c300000|100%| O|  |TAMS 0x000000008c200000| PB 0x000000008c200000| Untracked |  0
|  27|0x000000008c300000, 0x000000008c400000, 0x000000008c400000|100%| O|  |TAMS 0x000000008c300000| PB 0x000000008c300000| Untracked |  0
|  28|0x000000008c400000, 0x000000008c500000, 0x000000008c500000|100%| O|  |TAMS 0x000000008c400000| PB 0x000000008c400000| Untracked |  0
|  29|0x000000008c500000, 0x000000008c600000, 0x000000008c600000|100%| O|  |TAMS 0x000000008c500000| PB 0x000000008c500000| Untracked |  0
|  30|0x000000008c600000, 0x000000008c700000, 0x000000008c700000|100%| O|  |TAMS 0x000000008c600000| PB 0x000000008c600000| Untracked |  0
|  31|0x000000008c700000, 0x000000008c800000, 0x000000008c800000|100%| O|  |TAMS 0x000000008c700000| PB 0x000000008c700000| Untracked |  0
|  32|0x000000008c800000, 0x000000008c900000, 0x000000008c900000|100%| O|  |TAMS 0x000000008c800000| PB 0x000000008c800000| Untracked |  0
|  33|0x000000008c900000, 0x000000008ca00000, 0x000000008ca00000|100%| O|  |TAMS 0x000000008c900000| PB 0x000000008c900000| Untracked |  0
|  34|0x000000008ca00000, 0x000000008ca00000, 0x000000008cb00000|  0%| F|  |TAMS 0x000000008ca00000| PB 0x000000008ca00000| Untracked |  0
|  35|0x000000008cb00000, 0x000000008cc00000, 0x000000008cc00000|100%| O|  |TAMS 0x000000008cb00000| PB 0x000000008cb00000| Untracked |  0
|  36|0x000000008cc00000, 0x000000008cd00000, 0x000000008cd00000|100%| O|  |TAMS 0x000000008cc00000| PB 0x000000008cc00000| Untracked |  0
|  37|0x000000008cd00000, 0x000000008ce00000, 0x000000008ce00000|100%| O|  |TAMS 0x000000008cd00000| PB 0x000000008cd00000| Untracked |  0
|  38|0x000000008ce00000, 0x000000008cf00000, 0x000000008cf00000|100%| O|  |TAMS 0x000000008ce00000| PB 0x000000008ce00000| Untracked |  0
|  39|0x000000008cf00000, 0x000000008d000000, 0x000000008d000000|100%| O|  |TAMS 0x000000008cf00000| PB 0x000000008cf00000| Untracked |  0
|  40|0x000000008d000000, 0x000000008d100000, 0x000000008d100000|100%| O|  |TAMS 0x000000008d000000| PB 0x000000008d000000| Untracked |  0
|  41|0x000000008d100000, 0x000000008d200000, 0x000000008d200000|100%| O|  |TAMS 0x000000008d100000| PB 0x000000008d100000| Untracked |  0
|  42|0x000000008d200000, 0x000000008d289ac0, 0x000000008d300000| 53%| O|  |TAMS 0x000000008d200000| PB 0x000000008d200000| Untracked |  0
|  43|0x000000008d300000, 0x000000008d300000, 0x000000008d400000|  0%| F|  |TAMS 0x000000008d300000| PB 0x000000008d300000| Untracked |  0
|  44|0x000000008d400000, 0x000000008d400000, 0x000000008d500000|  0%| F|  |TAMS 0x000000008d400000| PB 0x000000008d400000| Untracked |  0
|  45|0x000000008d500000, 0x000000008d500000, 0x000000008d600000|  0%| F|  |TAMS 0x000000008d500000| PB 0x000000008d500000| Untracked |  0
|  46|0x000000008d600000, 0x000000008d600000, 0x000000008d700000|  0%| F|  |TAMS 0x000000008d600000| PB 0x000000008d600000| Untracked |  0
|  47|0x000000008d700000, 0x000000008d700000, 0x000000008d800000|  0%| F|  |TAMS 0x000000008d700000| PB 0x000000008d700000| Untracked |  0
|  48|0x000000008d800000, 0x000000008d800000, 0x000000008d900000|  0%| F|  |TAMS 0x000000008d800000| PB 0x000000008d800000| Untracked |  0
|  49|0x000000008d900000, 0x000000008da00000, 0x000000008da00000|100%| O|  |TAMS 0x000000008d900000| PB 0x000000008d900000| Untracked |  0
|  50|0x000000008da00000, 0x000000008da00000, 0x000000008db00000|  0%| F|  |TAMS 0x000000008da00000| PB 0x000000008da00000| Untracked |  0
|  51|0x000000008db00000, 0x000000008db00000, 0x000000008dc00000|  0%| F|  |TAMS 0x000000008db00000| PB 0x000000008db00000| Untracked |  0
|  52|0x000000008dc00000, 0x000000008dc00000, 0x000000008dd00000|  0%| F|  |TAMS 0x000000008dc00000| PB 0x000000008dc00000| Untracked |  0
|  53|0x000000008dd00000, 0x000000008dd00000, 0x000000008de00000|  0%| F|  |TAMS 0x000000008dd00000| PB 0x000000008dd00000| Untracked |  0
|  54|0x000000008de00000, 0x000000008de00000, 0x000000008df00000|  0%| F|  |TAMS 0x000000008de00000| PB 0x000000008de00000| Untracked |  0
|  55|0x000000008df00000, 0x000000008df00000, 0x000000008e000000|  0%| F|  |TAMS 0x000000008df00000| PB 0x000000008df00000| Untracked |  0
|  56|0x000000008e000000, 0x000000008e000000, 0x000000008e100000|  0%| F|  |TAMS 0x000000008e000000| PB 0x000000008e000000| Untracked |  0
|  57|0x000000008e100000, 0x000000008e100000, 0x000000008e200000|  0%| F|  |TAMS 0x000000008e100000| PB 0x000000008e100000| Untracked |  0
|  58|0x000000008e200000, 0x000000008e200000, 0x000000008e300000|  0%| F|  |TAMS 0x000000008e200000| PB 0x000000008e200000| Untracked |  0
|  59|0x000000008e300000, 0x000000008e300000, 0x000000008e400000|  0%| F|  |TAMS 0x000000008e300000| PB 0x000000008e300000| Untracked |  0
|  60|0x000000008e400000, 0x000000008e400000, 0x000000008e500000|  0%| F|  |TAMS 0x000000008e400000| PB 0x000000008e400000| Untracked |  0
|  61|0x000000008e500000, 0x000000008e500000, 0x000000008e600000|  0%| F|  |TAMS 0x000000008e500000| PB 0x000000008e500000| Untracked |  0
|  62|0x000000008e600000, 0x000000008e600000, 0x000000008e700000|  0%| F|  |TAMS 0x000000008e600000| PB 0x000000008e600000| Untracked |  0
|  63|0x000000008e700000, 0x000000008e700000, 0x000000008e800000|  0%| F|  |TAMS 0x000000008e700000| PB 0x000000008e700000| Untracked |  0
|  64|0x000000008e800000, 0x000000008e800000, 0x000000008e900000|  0%| F|  |TAMS 0x000000008e800000| PB 0x000000008e800000| Untracked |  0
|  65|0x000000008e900000, 0x000000008e900000, 0x000000008ea00000|  0%| F|  |TAMS 0x000000008e900000| PB 0x000000008e900000| Untracked |  0
|  66|0x000000008ea00000, 0x000000008ea00000, 0x000000008eb00000|  0%| F|  |TAMS 0x000000008ea00000| PB 0x000000008ea00000| Untracked |  0
|  67|0x000000008eb00000, 0x000000008eb00000, 0x000000008ec00000|  0%| F|  |TAMS 0x000000008eb00000| PB 0x000000008eb00000| Untracked |  0
|  68|0x000000008ec00000, 0x000000008ec00000, 0x000000008ed00000|  0%| F|  |TAMS 0x000000008ec00000| PB 0x000000008ec00000| Untracked |  0
|  69|0x000000008ed00000, 0x000000008ed00000, 0x000000008ee00000|  0%| F|  |TAMS 0x000000008ed00000| PB 0x000000008ed00000| Untracked |  0
|  70|0x000000008ee00000, 0x000000008ee00000, 0x000000008ef00000|  0%| F|  |TAMS 0x000000008ee00000| PB 0x000000008ee00000| Untracked |  0
|  71|0x000000008ef00000, 0x000000008ef00000, 0x000000008f000000|  0%| F|  |TAMS 0x000000008ef00000| PB 0x000000008ef00000| Untracked |  0
|  72|0x000000008f000000, 0x000000008f000000, 0x000000008f100000|  0%| F|  |TAMS 0x000000008f000000| PB 0x000000008f000000| Untracked |  0
|  73|0x000000008f100000, 0x000000008f100000, 0x000000008f200000|  0%| F|  |TAMS 0x000000008f100000| PB 0x000000008f100000| Untracked |  0
|  74|0x000000008f200000, 0x000000008f200000, 0x000000008f300000|  0%| F|  |TAMS 0x000000008f200000| PB 0x000000008f200000| Untracked |  0
|  75|0x000000008f300000, 0x000000008f300000, 0x000000008f400000|  0%| F|  |TAMS 0x000000008f300000| PB 0x000000008f300000| Untracked |  0
|  76|0x000000008f400000, 0x000000008f400000, 0x000000008f500000|  0%| F|  |TAMS 0x000000008f400000| PB 0x000000008f400000| Untracked |  0
|  77|0x000000008f500000, 0x000000008f500000, 0x000000008f600000|  0%| F|  |TAMS 0x000000008f500000| PB 0x000000008f500000| Untracked |  0
|  78|0x000000008f600000, 0x000000008f600000, 0x000000008f700000|  0%| F|  |TAMS 0x000000008f600000| PB 0x000000008f600000| Untracked |  0
|  79|0x000000008f700000, 0x000000008f700000, 0x000000008f800000|  0%| F|  |TAMS 0x000000008f700000| PB 0x000000008f700000| Untracked |  0
|  80|0x000000008f800000, 0x000000008f800000, 0x000000008f900000|  0%| F|  |TAMS 0x000000008f800000| PB 0x000000008f800000| Untracked |  0
|  81|0x000000008f900000, 0x000000008f900000, 0x000000008fa00000|  0%| F|  |TAMS 0x000000008f900000| PB 0x000000008f900000| Untracked |  0
|  82|0x000000008fa00000, 0x000000008fa00000, 0x000000008fb00000|  0%| F|  |TAMS 0x000000008fa00000| PB 0x000000008fa00000| Untracked |  0
|  83|0x000000008fb00000, 0x000000008fb00000, 0x000000008fc00000|  0%| F|  |TAMS 0x000000008fb00000| PB 0x000000008fb00000| Untracked |  0
|  84|0x000000008fc00000, 0x000000008fc00000, 0x000000008fd00000|  0%| F|  |TAMS 0x000000008fc00000| PB 0x000000008fc00000| Untracked |  0
|  85|0x000000008fd00000, 0x000000008fd00000, 0x000000008fe00000|  0%| F|  |TAMS 0x000000008fd00000| PB 0x000000008fd00000| Untracked |  0
|  86|0x000000008fe00000, 0x000000008fe00000, 0x000000008ff00000|  0%| F|  |TAMS 0x000000008fe00000| PB 0x000000008fe00000| Untracked |  0
|  87|0x000000008ff00000, 0x000000008ff00000, 0x0000000090000000|  0%| F|  |TAMS 0x000000008ff00000| PB 0x000000008ff00000| Untracked |  0
|  88|0x0000000090000000, 0x0000000090000000, 0x0000000090100000|  0%| F|  |TAMS 0x0000000090000000| PB 0x0000000090000000| Untracked |  0
|  89|0x0000000090100000, 0x0000000090100000, 0x0000000090200000|  0%| F|  |TAMS 0x0000000090100000| PB 0x0000000090100000| Untracked |  0
|  90|0x0000000090200000, 0x0000000090200000, 0x0000000090300000|  0%| F|  |TAMS 0x0000000090200000| PB 0x0000000090200000| Untracked |  0
|  91|0x0000000090300000, 0x0000000090300000, 0x0000000090400000|  0%| F|  |TAMS 0x0000000090300000| PB 0x0000000090300000| Untracked |  0
|  92|0x0000000090400000, 0x0000000090400000, 0x0000000090500000|  0%| F|  |TAMS 0x0000000090400000| PB 0x0000000090400000| Untracked |  0
|  93|0x0000000090500000, 0x0000000090500000, 0x0000000090600000|  0%| F|  |TAMS 0x0000000090500000| PB 0x0000000090500000| Untracked |  0
|  94|0x0000000090600000, 0x0000000090600000, 0x0000000090700000|  0%| F|  |TAMS 0x0000000090600000| PB 0x0000000090600000| Untracked |  0
|  95|0x0000000090700000, 0x0000000090776e60, 0x0000000090800000| 46%| S|CS|TAMS 0x0000000090700000| PB 0x0000000090700000| Complete |  0
|  96|0x0000000090800000, 0x0000000090900000, 0x0000000090900000|100%| S|CS|TAMS 0x0000000090800000| PB 0x0000000090800000| Complete |  0
|  97|0x0000000090900000, 0x0000000090a00000, 0x0000000090a00000|100%| S|CS|TAMS 0x0000000090900000| PB 0x0000000090900000| Complete |  0
|  98|0x0000000090a00000, 0x0000000090b00000, 0x0000000090b00000|100%| S|CS|TAMS 0x0000000090a00000| PB 0x0000000090a00000| Complete |  0
|  99|0x0000000090b00000, 0x0000000090c00000, 0x0000000090c00000|100%| S|CS|TAMS 0x0000000090b00000| PB 0x0000000090b00000| Complete |  0
| 100|0x0000000090c00000, 0x0000000090d00000, 0x0000000090d00000|100%| S|CS|TAMS 0x0000000090c00000| PB 0x0000000090c00000| Complete |  0
| 101|0x0000000090d00000, 0x0000000090e00000, 0x0000000090e00000|100%| S|CS|TAMS 0x0000000090d00000| PB 0x0000000090d00000| Complete |  0
| 102|0x0000000090e00000, 0x0000000090f00000, 0x0000000090f00000|100%| S|CS|TAMS 0x0000000090e00000| PB 0x0000000090e00000| Complete |  0
| 103|0x0000000090f00000, 0x0000000091000000, 0x0000000091000000|100%| S|CS|TAMS 0x0000000090f00000| PB 0x0000000090f00000| Complete |  0
| 104|0x0000000091000000, 0x0000000091100000, 0x0000000091100000|100%| S|CS|TAMS 0x0000000091000000| PB 0x0000000091000000| Complete |  0
| 105|0x0000000091100000, 0x0000000091100000, 0x0000000091200000|  0%| F|  |TAMS 0x0000000091100000| PB 0x0000000091100000| Untracked |  0
| 106|0x0000000091200000, 0x0000000091200000, 0x0000000091300000|  0%| F|  |TAMS 0x0000000091200000| PB 0x0000000091200000| Untracked |  0
| 107|0x0000000091300000, 0x0000000091300000, 0x0000000091400000|  0%| F|  |TAMS 0x0000000091300000| PB 0x0000000091300000| Untracked |  0
| 108|0x0000000091400000, 0x0000000091400000, 0x0000000091500000|  0%| F|  |TAMS 0x0000000091400000| PB 0x0000000091400000| Untracked |  0
| 109|0x0000000091500000, 0x0000000091500000, 0x0000000091600000|  0%| F|  |TAMS 0x0000000091500000| PB 0x0000000091500000| Untracked |  0
| 110|0x0000000091600000, 0x0000000091600000, 0x0000000091700000|  0%| F|  |TAMS 0x0000000091600000| PB 0x0000000091600000| Untracked |  0
| 111|0x0000000091700000, 0x0000000091700000, 0x0000000091800000|  0%| F|  |TAMS 0x0000000091700000| PB 0x0000000091700000| Untracked |  0
| 112|0x0000000091800000, 0x0000000091800000, 0x0000000091900000|  0%| F|  |TAMS 0x0000000091800000| PB 0x0000000091800000| Untracked |  0
| 113|0x0000000091900000, 0x0000000091900000, 0x0000000091a00000|  0%| F|  |TAMS 0x0000000091900000| PB 0x0000000091900000| Untracked |  0
| 114|0x0000000091a00000, 0x0000000091a00000, 0x0000000091b00000|  0%| F|  |TAMS 0x0000000091a00000| PB 0x0000000091a00000| Untracked |  0
| 115|0x0000000091b00000, 0x0000000091b00000, 0x0000000091c00000|  0%| F|  |TAMS 0x0000000091b00000| PB 0x0000000091b00000| Untracked |  0
| 116|0x0000000091c00000, 0x0000000091c00000, 0x0000000091d00000|  0%| F|  |TAMS 0x0000000091c00000| PB 0x0000000091c00000| Untracked |  0
| 117|0x0000000091d00000, 0x0000000091d00000, 0x0000000091e00000|  0%| F|  |TAMS 0x0000000091d00000| PB 0x0000000091d00000| Untracked |  0
| 118|0x0000000091e00000, 0x0000000091e00000, 0x0000000091f00000|  0%| F|  |TAMS 0x0000000091e00000| PB 0x0000000091e00000| Untracked |  0
| 119|0x0000000091f00000, 0x0000000091f00000, 0x0000000092000000|  0%| F|  |TAMS 0x0000000091f00000| PB 0x0000000091f00000| Untracked |  0
| 120|0x0000000092000000, 0x0000000092000000, 0x0000000092100000|  0%| F|  |TAMS 0x0000000092000000| PB 0x0000000092000000| Untracked |  0
| 121|0x0000000092100000, 0x0000000092100000, 0x0000000092200000|  0%| F|  |TAMS 0x0000000092100000| PB 0x0000000092100000| Untracked |  0
| 122|0x0000000092200000, 0x0000000092200000, 0x0000000092300000|  0%| F|  |TAMS 0x0000000092200000| PB 0x0000000092200000| Untracked |  0
| 123|0x0000000092300000, 0x0000000092300000, 0x0000000092400000|  0%| F|  |TAMS 0x0000000092300000| PB 0x0000000092300000| Untracked |  0
| 124|0x0000000092400000, 0x0000000092400000, 0x0000000092500000|  0%| F|  |TAMS 0x0000000092400000| PB 0x0000000092400000| Untracked |  0
| 125|0x0000000092500000, 0x0000000092500000, 0x0000000092600000|  0%| F|  |TAMS 0x0000000092500000| PB 0x0000000092500000| Untracked |  0
| 126|0x0000000092600000, 0x0000000092600000, 0x0000000092700000|  0%| F|  |TAMS 0x0000000092600000| PB 0x0000000092600000| Untracked |  0
| 127|0x0000000092700000, 0x0000000092700000, 0x0000000092800000|  0%| F|  |TAMS 0x0000000092700000| PB 0x0000000092700000| Untracked |  0
| 128|0x0000000092800000, 0x0000000092800000, 0x0000000092900000|  0%| F|  |TAMS 0x0000000092800000| PB 0x0000000092800000| Untracked |  0
| 129|0x0000000092900000, 0x0000000092900000, 0x0000000092a00000|  0%| F|  |TAMS 0x0000000092900000| PB 0x0000000092900000| Untracked |  0
| 130|0x0000000092a00000, 0x0000000092a00000, 0x0000000092b00000|  0%| F|  |TAMS 0x0000000092a00000| PB 0x0000000092a00000| Untracked |  0
| 131|0x0000000092b00000, 0x0000000092b00000, 0x0000000092c00000|  0%| F|  |TAMS 0x0000000092b00000| PB 0x0000000092b00000| Untracked |  0
| 132|0x0000000092c00000, 0x0000000092c00000, 0x0000000092d00000|  0%| F|  |TAMS 0x0000000092c00000| PB 0x0000000092c00000| Untracked |  0
| 133|0x0000000092d00000, 0x0000000092d00000, 0x0000000092e00000|  0%| F|  |TAMS 0x0000000092d00000| PB 0x0000000092d00000| Untracked |  0
| 134|0x0000000092e00000, 0x0000000092e00000, 0x0000000092f00000|  0%| F|  |TAMS 0x0000000092e00000| PB 0x0000000092e00000| Untracked |  0
| 135|0x0000000092f00000, 0x0000000092f00000, 0x0000000093000000|  0%| F|  |TAMS 0x0000000092f00000| PB 0x0000000092f00000| Untracked |  0
| 136|0x0000000093000000, 0x0000000093000000, 0x0000000093100000|  0%| F|  |TAMS 0x0000000093000000| PB 0x0000000093000000| Untracked |  0
| 137|0x0000000093100000, 0x0000000093100000, 0x0000000093200000|  0%| F|  |TAMS 0x0000000093100000| PB 0x0000000093100000| Untracked |  0
| 138|0x0000000093200000, 0x0000000093200000, 0x0000000093300000|  0%| F|  |TAMS 0x0000000093200000| PB 0x0000000093200000| Untracked |  0
| 139|0x0000000093300000, 0x0000000093300000, 0x0000000093400000|  0%| F|  |TAMS 0x0000000093300000| PB 0x0000000093300000| Untracked |  0
| 140|0x0000000093400000, 0x0000000093400000, 0x0000000093500000|  0%| F|  |TAMS 0x0000000093400000| PB 0x0000000093400000| Untracked |  0
| 141|0x0000000093500000, 0x0000000093500000, 0x0000000093600000|  0%| F|  |TAMS 0x0000000093500000| PB 0x0000000093500000| Untracked |  0
| 142|0x0000000093600000, 0x0000000093600000, 0x0000000093700000|  0%| F|  |TAMS 0x0000000093600000| PB 0x0000000093600000| Untracked |  0
| 143|0x0000000093700000, 0x0000000093700000, 0x0000000093800000|  0%| F|  |TAMS 0x0000000093700000| PB 0x0000000093700000| Untracked |  0
| 144|0x0000000093800000, 0x0000000093800000, 0x0000000093900000|  0%| F|  |TAMS 0x0000000093800000| PB 0x0000000093800000| Untracked |  0
| 145|0x0000000093900000, 0x0000000093900000, 0x0000000093a00000|  0%| F|  |TAMS 0x0000000093900000| PB 0x0000000093900000| Untracked |  0
| 146|0x0000000093a00000, 0x0000000093a00000, 0x0000000093b00000|  0%| F|  |TAMS 0x0000000093a00000| PB 0x0000000093a00000| Untracked |  0
| 147|0x0000000093b00000, 0x0000000093b00000, 0x0000000093c00000|  0%| F|  |TAMS 0x0000000093b00000| PB 0x0000000093b00000| Untracked |  0
| 148|0x0000000093c00000, 0x0000000093c00000, 0x0000000093d00000|  0%| F|  |TAMS 0x0000000093c00000| PB 0x0000000093c00000| Untracked |  0
| 149|0x0000000093d00000, 0x0000000093d00000, 0x0000000093e00000|  0%| F|  |TAMS 0x0000000093d00000| PB 0x0000000093d00000| Untracked |  0
| 150|0x0000000093e00000, 0x0000000093e00000, 0x0000000093f00000|  0%| F|  |TAMS 0x0000000093e00000| PB 0x0000000093e00000| Untracked |  0
| 151|0x0000000093f00000, 0x0000000093f00000, 0x0000000094000000|  0%| F|  |TAMS 0x0000000093f00000| PB 0x0000000093f00000| Untracked |  0
| 152|0x0000000094000000, 0x0000000094070af0, 0x0000000094100000| 44%| E|  |TAMS 0x0000000094000000| PB 0x0000000094000000| Complete |  0
| 153|0x0000000094100000, 0x0000000094200000, 0x0000000094200000|100%| E|CS|TAMS 0x0000000094100000| PB 0x0000000094100000| Complete |  0
| 154|0x0000000094200000, 0x0000000094300000, 0x0000000094300000|100%| E|CS|TAMS 0x0000000094200000| PB 0x0000000094200000| Complete |  0
| 155|0x0000000094300000, 0x0000000094400000, 0x0000000094400000|100%| E|CS|TAMS 0x0000000094300000| PB 0x0000000094300000| Complete |  0
| 156|0x0000000094400000, 0x0000000094500000, 0x0000000094500000|100%| E|CS|TAMS 0x0000000094400000| PB 0x0000000094400000| Complete |  0
| 157|0x0000000094500000, 0x0000000094600000, 0x0000000094600000|100%| E|CS|TAMS 0x0000000094500000| PB 0x0000000094500000| Complete |  0
| 158|0x0000000094600000, 0x0000000094700000, 0x0000000094700000|100%| E|CS|TAMS 0x0000000094600000| PB 0x0000000094600000| Complete |  0
| 159|0x0000000094700000, 0x0000000094800000, 0x0000000094800000|100%| E|CS|TAMS 0x0000000094700000| PB 0x0000000094700000| Complete |  0
| 160|0x0000000094800000, 0x0000000094900000, 0x0000000094900000|100%| E|CS|TAMS 0x0000000094800000| PB 0x0000000094800000| Complete |  0
| 161|0x0000000094900000, 0x0000000094a00000, 0x0000000094a00000|100%| E|CS|TAMS 0x0000000094900000| PB 0x0000000094900000| Complete |  0
| 162|0x0000000094a00000, 0x0000000094b00000, 0x0000000094b00000|100%| E|CS|TAMS 0x0000000094a00000| PB 0x0000000094a00000| Complete |  0
| 163|0x0000000094b00000, 0x0000000094c00000, 0x0000000094c00000|100%| E|CS|TAMS 0x0000000094b00000| PB 0x0000000094b00000| Complete |  0
| 164|0x0000000094c00000, 0x0000000094d00000, 0x0000000094d00000|100%| E|CS|TAMS 0x0000000094c00000| PB 0x0000000094c00000| Complete |  0
| 165|0x0000000094d00000, 0x0000000094e00000, 0x0000000094e00000|100%| E|CS|TAMS 0x0000000094d00000| PB 0x0000000094d00000| Complete |  0
| 166|0x0000000094e00000, 0x0000000094f00000, 0x0000000094f00000|100%| E|CS|TAMS 0x0000000094e00000| PB 0x0000000094e00000| Complete |  0
| 167|0x0000000094f00000, 0x0000000095000000, 0x0000000095000000|100%| E|CS|TAMS 0x0000000094f00000| PB 0x0000000094f00000| Complete |  0
| 168|0x0000000095000000, 0x0000000095100000, 0x0000000095100000|100%| E|CS|TAMS 0x0000000095000000| PB 0x0000000095000000| Complete |  0
| 169|0x0000000095100000, 0x0000000095200000, 0x0000000095200000|100%| E|CS|TAMS 0x0000000095100000| PB 0x0000000095100000| Complete |  0
| 170|0x0000000095200000, 0x0000000095300000, 0x0000000095300000|100%| E|CS|TAMS 0x0000000095200000| PB 0x0000000095200000| Complete |  0
| 171|0x0000000095300000, 0x0000000095400000, 0x0000000095400000|100%| E|CS|TAMS 0x0000000095300000| PB 0x0000000095300000| Complete |  0
| 172|0x0000000095400000, 0x0000000095500000, 0x0000000095500000|100%| E|CS|TAMS 0x0000000095400000| PB 0x0000000095400000| Complete |  0
| 173|0x0000000095500000, 0x0000000095600000, 0x0000000095600000|100%| E|CS|TAMS 0x0000000095500000| PB 0x0000000095500000| Complete |  0
| 174|0x0000000095600000, 0x0000000095700000, 0x0000000095700000|100%| E|CS|TAMS 0x0000000095600000| PB 0x0000000095600000| Complete |  0
| 175|0x0000000095700000, 0x0000000095800000, 0x0000000095800000|100%| E|CS|TAMS 0x0000000095700000| PB 0x0000000095700000| Complete |  0
| 176|0x0000000095800000, 0x0000000095900000, 0x0000000095900000|100%| E|CS|TAMS 0x0000000095800000| PB 0x0000000095800000| Complete |  0
| 177|0x0000000095900000, 0x0000000095a00000, 0x0000000095a00000|100%| E|CS|TAMS 0x0000000095900000| PB 0x0000000095900000| Complete |  0
| 178|0x0000000095a00000, 0x0000000095b00000, 0x0000000095b00000|100%| E|CS|TAMS 0x0000000095a00000| PB 0x0000000095a00000| Complete |  0
| 179|0x0000000095b00000, 0x0000000095c00000, 0x0000000095c00000|100%| E|  |TAMS 0x0000000095b00000| PB 0x0000000095b00000| Complete |  0
| 180|0x0000000095c00000, 0x0000000095d00000, 0x0000000095d00000|100%| E|CS|TAMS 0x0000000095c00000| PB 0x0000000095c00000| Complete |  0
| 181|0x0000000095d00000, 0x0000000095e00000, 0x0000000095e00000|100%| E|CS|TAMS 0x0000000095d00000| PB 0x0000000095d00000| Complete |  0
| 182|0x0000000095e00000, 0x0000000095f00000, 0x0000000095f00000|100%| E|CS|TAMS 0x0000000095e00000| PB 0x0000000095e00000| Complete |  0
| 183|0x0000000095f00000, 0x0000000096000000, 0x0000000096000000|100%| E|CS|TAMS 0x0000000095f00000| PB 0x0000000095f00000| Complete |  0
| 184|0x0000000096000000, 0x0000000096100000, 0x0000000096100000|100%| E|CS|TAMS 0x0000000096000000| PB 0x0000000096000000| Complete |  0
| 185|0x0000000096100000, 0x0000000096200000, 0x0000000096200000|100%| E|CS|TAMS 0x0000000096100000| PB 0x0000000096100000| Complete |  0
| 186|0x0000000096200000, 0x0000000096300000, 0x0000000096300000|100%| E|CS|TAMS 0x0000000096200000| PB 0x0000000096200000| Complete |  0
| 187|0x0000000096300000, 0x0000000096400000, 0x0000000096400000|100%| E|CS|TAMS 0x0000000096300000| PB 0x0000000096300000| Complete |  0
|1868|0x00000000ff400000, 0x00000000ff500000, 0x00000000ff500000|100%| E|CS|TAMS 0x00000000ff400000| PB 0x00000000ff400000| Complete |  0
|1869|0x00000000ff500000, 0x00000000ff600000, 0x00000000ff600000|100%| O|  |TAMS 0x00000000ff500000| PB 0x00000000ff500000| Untracked |  0
|1870|0x00000000ff600000, 0x00000000ff700000, 0x00000000ff700000|100%| O|  |TAMS 0x00000000ff600000| PB 0x00000000ff600000| Untracked |  0
|1871|0x00000000ff700000, 0x00000000ff800000, 0x00000000ff800000|100%| O|  |TAMS 0x00000000ff700000| PB 0x00000000ff700000| Untracked |  0
|1872|0x00000000ff800000, 0x00000000ff900000, 0x00000000ff900000|100%| O|  |TAMS 0x00000000ff800000| PB 0x00000000ff800000| Untracked |  0
|1873|0x00000000ff900000, 0x00000000ffa00000, 0x00000000ffa00000|100%| O|  |TAMS 0x00000000ff900000| PB 0x00000000ff900000| Untracked |  0
|1874|0x00000000ffa00000, 0x00000000ffb00000, 0x00000000ffb00000|100%| O|  |TAMS 0x00000000ffa00000| PB 0x00000000ffa00000| Untracked |  0
|1875|0x00000000ffb00000, 0x00000000ffc00000, 0x00000000ffc00000|100%| O|  |TAMS 0x00000000ffb00000| PB 0x00000000ffb00000| Untracked |  0
|1876|0x00000000ffc00000, 0x00000000ffd00000, 0x00000000ffd00000|100%| O|  |TAMS 0x00000000ffc00000| PB 0x00000000ffc00000| Untracked |  0
|1877|0x00000000ffd00000, 0x00000000ffe00000, 0x00000000ffe00000|100%| O|  |TAMS 0x00000000ffd00000| PB 0x00000000ffd00000| Untracked |  0
|1878|0x00000000ffe00000, 0x00000000fff00000, 0x00000000fff00000|100%| O|  |TAMS 0x00000000ffe00000| PB 0x00000000ffe00000| Untracked |  0
|1879|0x00000000fff00000, 0x0000000100000000, 0x0000000100000000|100%| E|CS|TAMS 0x00000000fff00000| PB 0x00000000fff00000| Complete |  0

Card table byte_map: [0x0000018878b20000,0x0000018878ed0000] _byte_map_base: 0x00000188786cc000

Marking Bits: (CMBitMap*) 0x00000188780a5570
 Bits: [0x0000018878ed0000, 0x000001887ac30000)

Polling page: 0x0000018875e50000

Metaspace:

Usage:
  Non-class:     97.22 MB used.
      Class:     12.31 MB used.
       Both:    109.54 MB used.

Virtual space:
  Non-class space:      128.00 MB reserved,      97.62 MB ( 76%) committed,  2 nodes.
      Class space:        1.00 GB reserved,      12.56 MB (  1%) committed,  1 nodes.
             Both:        1.12 GB reserved,     110.19 MB ( 10%) committed. 

Chunk freelists:
   Non-Class:  13.64 MB
       Class:  3.44 MB
        Both:  17.08 MB

MaxMetaspaceSize: unlimited
CompressedClassSpaceSize: 1.00 GB
Initial GC threshold: 21.00 MB
Current GC threshold: 140.62 MB
CDS: on
 - commit_granule_bytes: 65536.
 - commit_granule_words: 8192.
 - virtual_space_node_default_size: 8388608.
 - enlarge_chunks_in_place: 1.
UseCompressedClassPointers 1, UseCompactObjectHeaders 0
Narrow klass pointer bits 32, Max shift 3
Narrow klass base: 0x0000018818000000, Narrow klass shift: 0
Encoding Range: [0x0000018818000000 - 0x0000018918000000), (4294967296 bytes)
Klass Range:    [0x0000018818000000 - 0x0000018859000000), (1090519040 bytes)
Klass ID Range:  [8 - 1090519033) (1090519025)


Internal statistics:

num_allocs_failed_limit: 16.
num_arena_births: 966.
num_arena_deaths: 0.
num_vsnodes_births: 3.
num_vsnodes_deaths: 0.
num_space_committed: 1763.
num_space_uncommitted: 0.
num_chunks_returned_to_freelist: 16.
num_chunks_taken_from_freelist: 4767.
num_chunk_merges: 16.
num_chunk_splits: 3626.
num_chunks_enlarged: 3072.
num_inconsistent_stats: 0.

CodeHeap 'non-profiled nmethods': size=120064Kb used=5493Kb max_used=5493Kb free=114570Kb
 bounds [0x0000018810500000, 0x0000018810a60000, 0x0000018817a40000]
CodeHeap 'profiled nmethods': size=120000Kb used=15967Kb max_used=15967Kb free=104032Kb
 bounds [0x0000018808a40000, 0x00000188099e0000, 0x000001880ff70000]
CodeHeap 'non-nmethods': size=5696Kb used=1693Kb max_used=1806Kb free=4002Kb
 bounds [0x000001880ff70000, 0x00000188101e0000, 0x0000018810500000]
CodeCache: size=245760Kb, used=23153Kb, max_used=23266Kb, free=222604Kb
 total_blobs=11026, nmethods=10181, adapters=749, full_count=0
Compilation: enabled, stopped_count=0, restarted_count=0

Compilation events (20 events):
Event: 636.321 Thread 0x0000018817a535c0 nmethod 11641 0x00000188099cf988 code [0x00000188099cfac0, 0x00000188099cfe00]
Event: 637.086 Thread 0x0000018817a535c0 11642       3       java.net.Socket::setSoTimeout (47 bytes)
Event: 637.088 Thread 0x0000018817a535c0 nmethod 11642 0x00000188099cfe88 code [0x00000188099d0020, 0x00000188099d0778]
Event: 640.329 Thread 0x0000018817a535c0 11643   !   3       org.apache.catalina.core.ContainerBase::getRealmInternal (38 bytes)
Event: 640.330 Thread 0x0000018817a535c0 nmethod 11643 0x00000188099d0808 code [0x00000188099d09a0, 0x00000188099d1238]
Event: 650.337 Thread 0x0000018817a535c0 11644   !   3       org.apache.catalina.core.ContainerBase::getClusterInternal (38 bytes)
Event: 650.341 Thread 0x0000018817a535c0 nmethod 11644 0x00000188099d1308 code [0x00000188099d14a0, 0x00000188099d1d38]
Event: 650.341 Thread 0x0000018817a535c0 11646  s!   3       org.apache.catalina.core.ContainerBase::backgroundProcess (172 bytes)
Event: 650.346 Thread 0x0000018817a535c0 nmethod 11646 0x00000188099d1e08 code [0x00000188099d20c0, 0x00000188099d3a20]
Event: 650.347 Thread 0x0000018817a535c0 11645   !   3       org.apache.catalina.core.ContainerBase$ContainerBackgroundProcessor::processChildren (197 bytes)
Event: 650.350 Thread 0x0000018817a535c0 nmethod 11645 0x00000188099d3b88 code [0x00000188099d3e80, 0x00000188099d5ee0]
Event: 650.684 Thread 0x000001887d04bc50 11647       4       io.netty.util.HashedWheelTimer$HashedWheelBucket::expireTimeouts (98 bytes)
Event: 650.687 Thread 0x000001887d04bc50 nmethod 11647 0x0000018810a5d008 code [0x0000018810a5d120, 0x0000018810a5d258]
Event: 685.080 Thread 0x000001887d04bc50 11648       4       com.sun.crypto.provider.GHASH::update (50 bytes)
Event: 685.085 Thread 0x000001887d04bc50 nmethod 11648 0x0000018810a5d308 code [0x0000018810a5d420, 0x0000018810a5d678]
Event: 695.532 Thread 0x0000018817a535c0 11649       3       com.mysql.cj.conf.AbstractRuntimeProperty::setValue (80 bytes)
Event: 695.550 Thread 0x0000018817a535c0 nmethod 11649 0x00000188099d6008 code [0x00000188099d6220, 0x00000188099d72e0]
Event: 695.550 Thread 0x0000018817a535c0 11650       3       com.mysql.cj.conf.AbstractRuntimeProperty::setValueInternal (30 bytes)
Event: 695.551 Thread 0x0000018817a535c0 nmethod 11650 0x00000188099d7388 code [0x00000188099d74c0, 0x00000188099d7898]
Event: 700.375 Thread 0x000001887d04bc50 11651       4       java.util.TreeMap::put (221 bytes)

GC Heap History (20 events):
Event: 9.091 GC heap before
{Heap before GC invocations=12 (full 0):
 garbage-first heap   total reserved 1925120K, committed 94208K, used 80335K [0x000000008a800000, 0x0000000100000000)
  region size 1024K, 47 young (48128K), 4 survivors (4096K)
 Metaspace       used 78487K, committed 79040K, reserved 1179648K
  class space    used 8359K, committed 8576K, reserved 1048576K
}
Event: 9.101 GC heap after
{Heap after GC invocations=13 (full 0):
 garbage-first heap   total reserved 1925120K, committed 94208K, used 37805K [0x000000008a800000, 0x0000000100000000)
  region size 1024K, 6 young (6144K), 6 survivors (6144K)
 Metaspace       used 78487K, committed 79040K, reserved 1179648K
  class space    used 8359K, committed 8576K, reserved 1048576K
}
Event: 9.635 GC heap before
{Heap before GC invocations=13 (full 0):
 garbage-first heap   total reserved 1925120K, committed 94208K, used 79789K [0x000000008a800000, 0x0000000100000000)
  region size 1024K, 48 young (49152K), 6 survivors (6144K)
 Metaspace       used 83755K, committed 84352K, reserved 1179648K
  class space    used 9394K, committed 9664K, reserved 1048576K
}
Event: 9.646 GC heap after
{Heap after GC invocations=14 (full 0):
 garbage-first heap   total reserved 1925120K, committed 94208K, used 40892K [0x000000008a800000, 0x0000000100000000)
  region size 1024K, 6 young (6144K), 6 survivors (6144K)
 Metaspace       used 83755K, committed 84352K, reserved 1179648K
  class space    used 9394K, committed 9664K, reserved 1048576K
}
Event: 9.955 GC heap before
{Heap before GC invocations=14 (full 0):
 garbage-first heap   total reserved 1925120K, committed 94208K, used 80828K [0x000000008a800000, 0x0000000100000000)
  region size 1024K, 45 young (46080K), 6 survivors (6144K)
 Metaspace       used 85803K, committed 86400K, reserved 1179648K
  class space    used 9723K, committed 9984K, reserved 1048576K
}
Event: 9.961 GC heap after
{Heap after GC invocations=15 (full 0):
 garbage-first heap   total reserved 1925120K, committed 94208K, used 44146K [0x000000008a800000, 0x0000000100000000)
  region size 1024K, 6 young (6144K), 6 survivors (6144K)
 Metaspace       used 85803K, committed 86400K, reserved 1179648K
  class space    used 9723K, committed 9984K, reserved 1048576K
}
Event: 10.075 GC heap before
{Heap before GC invocations=16 (full 0):
 garbage-first heap   total reserved 1925120K, committed 94208K, used 81010K [0x000000008a800000, 0x0000000100000000)
  region size 1024K, 42 young (43008K), 6 survivors (6144K)
 Metaspace       used 85803K, committed 86400K, reserved 1179648K
  class space    used 9723K, committed 9984K, reserved 1048576K
}
Event: 10.093 GC heap after
{Heap after GC invocations=17 (full 0):
 garbage-first heap   total reserved 1925120K, committed 98304K, used 55091K [0x000000008a800000, 0x0000000100000000)
  region size 1024K, 6 young (6144K), 6 survivors (6144K)
 Metaspace       used 85803K, committed 86400K, reserved 1179648K
  class space    used 9723K, committed 9984K, reserved 1048576K
}
Event: 10.137 GC heap before
{Heap before GC invocations=17 (full 0):
 garbage-first heap   total reserved 1925120K, committed 98304K, used 84787K [0x000000008a800000, 0x0000000100000000)
  region size 1024K, 35 young (35840K), 6 survivors (6144K)
 Metaspace       used 85803K, committed 86400K, reserved 1179648K
  class space    used 9723K, committed 9984K, reserved 1048576K
}
Event: 10.145 GC heap after
{Heap after GC invocations=18 (full 0):
 garbage-first heap   total reserved 1925120K, committed 98304K, used 59800K [0x000000008a800000, 0x0000000100000000)
  region size 1024K, 5 young (5120K), 5 survivors (5120K)
 Metaspace       used 85803K, committed 86400K, reserved 1179648K
  class space    used 9723K, committed 9984K, reserved 1048576K
}
Event: 10.180 GC heap before
{Heap before GC invocations=18 (full 0):
 garbage-first heap   total reserved 1925120K, committed 98304K, used 85400K [0x000000008a800000, 0x0000000100000000)
  region size 1024K, 30 young (30720K), 5 survivors (5120K)
 Metaspace       used 85803K, committed 86400K, reserved 1179648K
  class space    used 9723K, committed 9984K, reserved 1048576K
}
Event: 10.184 GC heap after
{Heap after GC invocations=19 (full 0):
 garbage-first heap   total reserved 1925120K, committed 98304K, used 60674K [0x000000008a800000, 0x0000000100000000)
  region size 1024K, 4 young (4096K), 4 survivors (4096K)
 Metaspace       used 85803K, committed 86400K, reserved 1179648K
  class space    used 9723K, committed 9984K, reserved 1048576K
}
Event: 10.242 GC heap before
{Heap before GC invocations=20 (full 0):
 garbage-first heap   total reserved 1925120K, committed 102400K, used 86274K [0x000000008a800000, 0x0000000100000000)
  region size 1024K, 29 young (29696K), 4 survivors (4096K)
 Metaspace       used 85804K, committed 86400K, reserved 1179648K
  class space    used 9724K, committed 9984K, reserved 1048576K
}
Event: 10.244 GC heap after
{Heap after GC invocations=21 (full 0):
 garbage-first heap   total reserved 1925120K, committed 102400K, used 59717K [0x000000008a800000, 0x0000000100000000)
  region size 1024K, 3 young (3072K), 3 survivors (3072K)
 Metaspace       used 85804K, committed 86400K, reserved 1179648K
  class space    used 9724K, committed 9984K, reserved 1048576K
}
Event: 10.280 GC heap before
{Heap before GC invocations=21 (full 0):
 garbage-first heap   total reserved 1925120K, committed 102400K, used 89413K [0x000000008a800000, 0x0000000100000000)
  region size 1024K, 32 young (32768K), 3 survivors (3072K)
 Metaspace       used 85804K, committed 86400K, reserved 1179648K
  class space    used 9724K, committed 9984K, reserved 1048576K
}
Event: 10.283 GC heap after
{Heap after GC invocations=22 (full 0):
 garbage-first heap   total reserved 1925120K, committed 204800K, used 56405K [0x000000008a800000, 0x0000000100000000)
  region size 1024K, 3 young (3072K), 3 survivors (3072K)
 Metaspace       used 85804K, committed 86400K, reserved 1179648K
  class space    used 9724K, committed 9984K, reserved 1048576K
}
Event: 11.469 GC heap before
{Heap before GC invocations=22 (full 0):
 garbage-first heap   total reserved 1925120K, committed 204800K, used 165973K [0x000000008a800000, 0x0000000100000000)
  region size 1024K, 110 young (112640K), 3 survivors (3072K)
 Metaspace       used 94481K, committed 95168K, reserved 1179648K
  class space    used 10686K, committed 10944K, reserved 1048576K
}
Event: 11.475 GC heap after
{Heap after GC invocations=23 (full 0):
 garbage-first heap   total reserved 1925120K, committed 204800K, used 58918K [0x000000008a800000, 0x0000000100000000)
  region size 1024K, 5 young (5120K), 5 survivors (5120K)
 Metaspace       used 94481K, committed 95168K, reserved 1179648K
  class space    used 10686K, committed 10944K, reserved 1048576K
}
Event: 205.219 GC heap before
{Heap before GC invocations=23 (full 0):
 garbage-first heap   total reserved 1925120K, committed 204800K, used 144934K [0x000000008a800000, 0x0000000100000000)
  region size 1024K, 90 young (92160K), 5 survivors (5120K)
 Metaspace       used 106589K, committed 107264K, reserved 1179648K
  class space    used 12134K, committed 12416K, reserved 1048576K
}
Event: 205.238 GC heap after
{Heap after GC invocations=24 (full 0):
 garbage-first heap   total reserved 1925120K, committed 204800K, used 63490K [0x000000008a800000, 0x0000000100000000)
  region size 1024K, 10 young (10240K), 10 survivors (10240K)
 Metaspace       used 106589K, committed 107264K, reserved 1179648K
  class space    used 12134K, committed 12416K, reserved 1048576K
}

Dll operation events (12 events):
Event: 0.081 Loaded shared library C:\Users\Victus\.jdks\temurin-24.0.2\bin\java.dll
Event: 0.110 Loaded shared library C:\Users\Victus\.jdks\temurin-24.0.2\bin\jsvml.dll
Event: 0.270 Loaded shared library C:\Users\Victus\.jdks\temurin-24.0.2\bin\zip.dll
Event: 0.273 Loaded shared library C:\Users\Victus\.jdks\temurin-24.0.2\bin\instrument.dll
Event: 0.279 Loaded shared library C:\Users\Victus\.jdks\temurin-24.0.2\bin\net.dll
Event: 0.281 Loaded shared library C:\Users\Victus\.jdks\temurin-24.0.2\bin\nio.dll
Event: 0.285 Loaded shared library C:\Users\Victus\.jdks\temurin-24.0.2\bin\zip.dll
Event: 0.404 Loaded shared library C:\Users\Victus\.jdks\temurin-24.0.2\bin\extnet.dll
Event: 0.424 Loaded shared library C:\Users\Victus\.jdks\temurin-24.0.2\bin\jimage.dll
Event: 1.625 Loaded shared library C:\Users\Victus\.jdks\temurin-24.0.2\bin\sunmscapi.dll
Event: 3.987 Loaded shared library C:\Users\Victus\.jdks\temurin-24.0.2\bin\management.dll
Event: 3.988 Loaded shared library C:\Users\Victus\.jdks\temurin-24.0.2\bin\management_ext.dll

Deoptimization events (20 events):
Event: 205.352 Thread 0x000001886224f240 DEOPT PACKING pc=0x000001881068dee4 sp=0x00000074ab2fa5b0
Event: 205.352 Thread 0x000001886224f240 DEOPT UNPACKING pc=0x0000018810083882 sp=0x00000074ab2fa4a8 mode 2
Event: 205.352 Thread 0x000001886224f240 Uncommon trap: trap_request=0xffffff4d fr.pc=0x000001881069d524 relative=0x0000000000000524
Event: 205.352 Thread 0x000001886224f240 Uncommon trap: reason=unstable_if action=reinterpret pc=0x000001881069d524 method=java.util.HashMap.putVal(ILjava/lang/Object;Ljava/lang/Object;ZZ)Ljava/lang/Object; @ 109 c2
Event: 205.352 Thread 0x000001886224f240 DEOPT PACKING pc=0x000001881069d524 sp=0x00000074ab2fa500
Event: 205.352 Thread 0x000001886224f240 DEOPT UNPACKING pc=0x0000018810083882 sp=0x00000074ab2fa498 mode 2
Event: 205.474 Thread 0x000001886224f240 Uncommon trap: trap_request=0xffffff4d fr.pc=0x00000188108648f4 relative=0x00000000000002b4
Event: 205.475 Thread 0x000001886224f240 Uncommon trap: reason=unstable_if action=reinterpret pc=0x00000188108648f4 method=jdk.internal.classfile.impl.EntryMap.put(II)V @ 143 c2
Event: 205.475 Thread 0x000001886224f240 DEOPT PACKING pc=0x00000188108648f4 sp=0x00000074ab2f99e0
Event: 205.475 Thread 0x000001886224f240 DEOPT UNPACKING pc=0x0000018810083882 sp=0x00000074ab2f9958 mode 2
Event: 205.964 Thread 0x0000018862252cc0 Uncommon trap: trap_request=0xffffffde fr.pc=0x00000188107f3220 relative=0x00000000000003c0
Event: 205.964 Thread 0x0000018862252cc0 Uncommon trap: reason=class_check action=maybe_recompile pc=0x00000188107f3220 method=java.lang.AbstractStringBuilder.<init>(Ljava/lang/String;)V @ 58 c2
Event: 205.964 Thread 0x0000018862252cc0 DEOPT PACKING pc=0x00000188107f3220 sp=0x00000074a81fdc00
Event: 205.964 Thread 0x0000018862252cc0 DEOPT UNPACKING pc=0x0000018810083882 sp=0x00000074a81fdbd0 mode 2
Event: 224.909 Thread 0x00000188622516d0 Uncommon trap: trap_request=0xffffffde fr.pc=0x00000188107f3220 relative=0x00000000000003c0
Event: 224.909 Thread 0x00000188622516d0 Uncommon trap: reason=class_check action=maybe_recompile pc=0x00000188107f3220 method=java.lang.AbstractStringBuilder.<init>(Ljava/lang/String;)V @ 58 c2
Event: 224.909 Thread 0x00000188622516d0 DEOPT PACKING pc=0x00000188107f3220 sp=0x00000074a82fd8d0
Event: 224.909 Thread 0x00000188622516d0 DEOPT UNPACKING pc=0x0000018810083882 sp=0x00000074a82fd8a0 mode 2
Event: 269.357 Thread 0x0000018860e64940 DEOPT PACKING pc=0x00000188098162d2 sp=0x00000074aaefa6a0
Event: 269.357 Thread 0x0000018860e64940 DEOPT UNPACKING pc=0x000001880ffc5722 sp=0x00000074aaef9b38 mode 0

Classes loaded (20 events):
Event: 205.952 Loading class sun/nio/ch/NativeSocketAddress
Event: 205.952 Loading class sun/nio/ch/NativeSocketAddress done
Event: 205.957 Loading class sun/nio/ch/DatagramSocketAdaptor
Event: 205.958 Loading class java/net/MulticastSocket
Event: 205.958 Loading class java/net/MulticastSocket done
Event: 205.958 Loading class sun/nio/ch/DatagramSocketAdaptor done
Event: 205.958 Loading class java/net/DatagramSocket$1
Event: 205.958 Loading class java/net/DatagramSocket$1 done
Event: 205.958 Loading class sun/nio/ch/DatagramSocketAdaptor$DatagramSockets
Event: 205.959 Loading class sun/nio/ch/DatagramSocketAdaptor$DatagramSockets done
Event: 205.962 Loading class java/nio/channels/UnsupportedAddressTypeException
Event: 205.962 Loading class java/nio/channels/UnsupportedAddressTypeException done
Event: 205.968 Loading class java/util/concurrent/CompletableFuture$UniAccept
Event: 205.968 Loading class java/util/concurrent/CompletableFuture$UniAccept done
Event: 205.995 Loading class sun/nio/ch/DatagramChannelImpl$DefaultOptionsHolder
Event: 205.996 Loading class sun/nio/ch/DatagramChannelImpl$DefaultOptionsHolder done
Event: 206.002 Loading class sun/net/util/SocketExceptions
Event: 206.003 Loading class sun/net/util/SocketExceptions done
Event: 206.003 Loading class sun/security/util/SecurityProperties
Event: 206.004 Loading class sun/security/util/SecurityProperties done

Classes unloaded (0 events):
No events

Classes redefined (0 events):
No events

Internal exceptions (20 events):
Event: 199.248 Thread 0x0000018860e624b0 Exception <a 'java/lang/NoSuchMethodError'{0x00000000926fb460}: 'void java.lang.invoke.DirectMethodHandle$Holder.invokeStatic(java.lang.Object, java.lang.Object, int, int, java.lang.Object)'> (0x00000000926fb460) 
thrown [s\src\hotspot\share\interpreter\linkResolver.cpp, line 805]
Event: 199.257 Thread 0x0000018860e624b0 Exception <a 'java/lang/NoSuchMethodError'{0x000000009255ebc8}: 'void java.lang.invoke.DirectMethodHandle$Holder.invokeSpecialIFC(java.lang.Object, java.lang.Object, int, java.lang.Object, java.lang.Object, java.lang.Object, java.lang.Object)'> (0x000000009255ebc8) 
thrown [s\src\hotspot\share\interpreter\linkResolver.cpp, line 805]
Event: 199.621 Thread 0x0000018860e624b0 Implicit null exception at 0x000001881057ef19 to 0x000001881057f26c
Event: 200.000 Thread 0x0000018860e64940 Exception <a 'java/lang/IncompatibleClassChangeError'{0x0000000091a2f760}: Found class java.lang.Object, but interface was expected> (0x0000000091a2f760) 
thrown [s\src\hotspot\share\interpreter\linkResolver.cpp, line 872]
Event: 200.017 Thread 0x0000018860e64940 Exception <a 'java/lang/IncompatibleClassChangeError'{0x0000000091a57178}: Found class java.lang.Object, but interface was expected> (0x0000000091a57178) 
thrown [s\src\hotspot\share\interpreter\linkResolver.cpp, line 872]
Event: 200.029 Thread 0x0000018860e64940 Exception <a 'java/lang/IncompatibleClassChangeError'{0x0000000091a707f0}: Found class java.lang.Object, but interface was expected> (0x0000000091a707f0) 
thrown [s\src\hotspot\share\interpreter\linkResolver.cpp, line 872]
Event: 200.052 Thread 0x0000018860e64940 Exception <a 'java/lang/IncompatibleClassChangeError'{0x0000000091aaf850}: Found class java.lang.Object, but interface was expected> (0x0000000091aaf850) 
thrown [s\src\hotspot\share\interpreter\linkResolver.cpp, line 872]
Event: 204.991 Thread 0x0000018860e64940 Exception <a 'java/lang/NoSuchMethodError'{0x0000000091511e70}: 'long java.lang.invoke.DelegatingMethodHandle$Holder.reinvoke_L(java.lang.Object, java.lang.Object, java.lang.Object)'> (0x0000000091511e70) 
thrown [s\src\hotspot\share\interpreter\linkResolver.cpp, line 805]
Event: 204.992 Thread 0x000001886224d500 Exception <a 'java/lang/NoSuchMethodError'{0x0000000091631458}: 'long java.lang.invoke.DirectMethodHandle$Holder.invokeVirtual(java.lang.Object, java.lang.Object, java.lang.Object)'> (0x0000000091631458) 
thrown [s\src\hotspot\share\interpreter\linkResolver.cpp, line 805]
Event: 204.992 Thread 0x000001886224d500 Exception <a 'java/lang/NoSuchMethodError'{0x0000000091639888}: 'long java.lang.invoke.DelegatingMethodHandle$Holder.reinvoke_L(java.lang.Object, java.lang.Object, java.lang.Object)'> (0x0000000091639888) 
thrown [s\src\hotspot\share\interpreter\linkResolver.cpp, line 805]
Event: 204.994 Thread 0x0000018860e624b0 Exception <a 'java/lang/NoSuchMethodError'{0x0000000091fe3d40}: 'long java.lang.invoke.DirectMethodHandle$Holder.invokeVirtual(java.lang.Object, java.lang.Object, java.lang.Object)'> (0x0000000091fe3d40) 
thrown [s\src\hotspot\share\interpreter\linkResolver.cpp, line 805]
Event: 205.034 Thread 0x000001886224f240 Exception <a 'java/lang/NoSuchMethodError'{0x00000000916993b8}: 'long java.lang.invoke.Invokers$Holder.invokeExact_MT(java.lang.Object, java.lang.Object)'> (0x00000000916993b8) 
thrown [s\src\hotspot\share\interpreter\linkResolver.cpp, line 805]
Event: 205.878 Thread 0x000001886224f240 Exception <a 'java/lang/NoSuchMethodError'{0x00000000954e4b10}: 'long java.lang.invoke.DirectMethodHandle$Holder.invokeSpecial(java.lang.Object, java.lang.Object, java.lang.Object)'> (0x00000000954e4b10) 
thrown [s\src\hotspot\share\interpreter\linkResolver.cpp, line 805]
Event: 205.879 Thread 0x000001886224f240 Exception <a 'java/lang/NoSuchMethodError'{0x00000000954ed8c8}: 'long java.lang.invoke.DelegatingMethodHandle$Holder.reinvoke_L(java.lang.Object, java.lang.Object)'> (0x00000000954ed8c8) 
thrown [s\src\hotspot\share\interpreter\linkResolver.cpp, line 805]
Event: 205.990 Thread 0x0000018862252cc0 Exception <a 'java/lang/NoSuchMethodError'{0x000000009517a9d0}: 'java.lang.Object java.lang.invoke.DirectMethodHandle$Holder.invokeStaticInit(java.lang.Object, java.lang.Object, java.lang.Object, java.lang.Object, java.lang.Object, java.lang.Object)'> (0x000000009517a9d0) 
thrown [s\src\hotspot\share\interpreter\linkResolver.cpp, line 805]
Event: 206.002 Thread 0x0000018862252cc0 Exception <a 'java/net/ConnectException'{0x0000000095027dc0}: Connection refused: getsockopt> (0x0000000095027dc0) 
thrown [s\src\hotspot\share\prims\jni.cpp, line 536]
Event: 224.919 Thread 0x00000188622516d0 Exception <a 'java/net/ConnectException'{0x0000000094bd41d8}: Connection refused: getsockopt> (0x0000000094bd41d8) 
thrown [s\src\hotspot\share\prims\jni.cpp, line 536]
Event: 230.019 Thread 0x0000018862251e20 Exception <a 'java/net/ConnectException'{0x0000000094853f88}: Connection refused: getsockopt> (0x0000000094853f88) 
thrown [s\src\hotspot\share\prims\jni.cpp, line 536]
Event: 236.431 Thread 0x0000018862252570 Exception <a 'java/net/ConnectException'{0x0000000094415518}: Connection refused: getsockopt> (0x0000000094415518) 
thrown [s\src\hotspot\share\prims\jni.cpp, line 536]
Event: 269.357 Thread 0x000001885e9e2c30 Exception <a 'java/net/ConnectException'{0x00000000942ea458}: Connection refused: getsockopt> (0x00000000942ea458) 
thrown [s\src\hotspot\share\prims\jni.cpp, line 536]

VM Operations (20 events):
Event: 199.690 Executing VM operation: HandshakeAllThreads (Deoptimize)
Event: 199.690 Executing VM operation: HandshakeAllThreads (Deoptimize) done
Event: 200.070 Executing VM operation: HandshakeAllThreads (Deoptimize)
Event: 200.070 Executing VM operation: HandshakeAllThreads (Deoptimize) done
Event: 205.200 Executing VM operation: HandshakeAllThreads (Deoptimize)
Event: 205.200 Executing VM operation: HandshakeAllThreads (Deoptimize) done
Event: 205.219 Executing VM operation: G1CollectForAllocation (G1 Evacuation Pause)
Event: 205.238 Executing VM operation: G1CollectForAllocation (G1 Evacuation Pause) done
Event: 240.256 Executing VM operation: HandshakeAllThreads (HandshakeForDeflation)
Event: 240.256 Executing VM operation: HandshakeAllThreads (HandshakeForDeflation) done
Event: 240.256 Executing VM operation: RendezvousGCThreads
Event: 240.256 Executing VM operation: RendezvousGCThreads done
Event: 300.346 Executing VM operation: HandshakeAllThreads (HandshakeForDeflation)
Event: 300.346 Executing VM operation: HandshakeAllThreads (HandshakeForDeflation) done
Event: 300.346 Executing VM operation: RendezvousGCThreads
Event: 300.346 Executing VM operation: RendezvousGCThreads done
Event: 360.575 Executing VM operation: HandshakeAllThreads (HandshakeForDeflation)
Event: 360.575 Executing VM operation: HandshakeAllThreads (HandshakeForDeflation) done
Event: 360.575 Executing VM operation: RendezvousGCThreads
Event: 360.575 Executing VM operation: RendezvousGCThreads done

Memory protections (0 events):
No events

Nmethod flushes (20 events):
Event: 10.217 Thread 0x000001887d015230 flushing  nmethod 0x000001880923d088
Event: 10.217 Thread 0x000001887d015230 flushing  nmethod 0x000001880923db08
Event: 10.217 Thread 0x000001887d015230 flushing  nmethod 0x0000018809285f88
Event: 10.217 Thread 0x000001887d015230 flushing  nmethod 0x0000018809286d88
Event: 10.217 Thread 0x000001887d015230 flushing  nmethod 0x0000018809287108
Event: 10.217 Thread 0x000001887d015230 flushing  nmethod 0x0000018809287508
Event: 10.217 Thread 0x000001887d015230 flushing  nmethod 0x0000018809287a08
Event: 10.217 Thread 0x000001887d015230 flushing  nmethod 0x000001880931d388
Event: 10.217 Thread 0x000001887d015230 flushing  nmethod 0x000001880948dc88
Event: 10.217 Thread 0x000001887d015230 flushing  nmethod 0x0000018809571708
Event: 10.217 Thread 0x000001887d015230 flushing  nmethod 0x0000018809571a88
Event: 10.217 Thread 0x000001887d015230 flushing  nmethod 0x0000018809572c88
Event: 10.217 Thread 0x000001887d015230 flushing  nmethod 0x0000018809572f88
Event: 10.217 Thread 0x000001887d015230 flushing  nmethod 0x0000018809574788
Event: 10.217 Thread 0x000001887d015230 flushing  nmethod 0x0000018809574f88
Event: 10.217 Thread 0x000001887d015230 flushing  nmethod 0x0000018809575508
Event: 10.217 Thread 0x000001887d015230 flushing  nmethod 0x0000018809575f88
Event: 10.217 Thread 0x000001887d015230 flushing  nmethod 0x0000018809576408
Event: 10.217 Thread 0x000001887d015230 flushing  nmethod 0x0000018809576b88
Event: 10.217 Thread 0x000001887d015230 flushing  nmethod 0x00000188095c9588

Events (20 events):
Event: 205.019 Thread 0x0000018817a535c0 Thread added: 0x0000018817a51780
Event: 205.049 Thread 0x0000018817a535c0 Thread added: 0x0000018817a51f10
Event: 205.352 Thread 0x0000018817a51f10 Thread exited: 0x0000018817a51f10
Event: 205.489 Thread 0x000001887d04bc50 Thread added: 0x0000018862502ea0
Event: 205.669 Thread 0x0000018862502ea0 Thread exited: 0x0000018862502ea0
Event: 205.669 Thread 0x0000018817a51780 Thread exited: 0x0000018817a51780
Event: 205.770 Thread 0x0000018817a535c0 Thread added: 0x0000018862503dc0
Event: 205.927 Thread 0x000001886224f240 Thread added: 0x0000018862252cc0
Event: 208.150 Thread 0x0000018862503dc0 Thread exited: 0x0000018862503dc0
Event: 224.895 Thread 0x0000018817a535c0 Thread added: 0x0000018862502ea0
Event: 224.896 Thread 0x0000018860e624b0 Thread added: 0x00000188622516d0
Event: 225.164 Thread 0x0000018862502ea0 Thread exited: 0x0000018862502ea0
Event: 230.000 Thread 0x000001886224d500 Thread added: 0x0000018862251e20
Event: 236.420 Thread 0x000001886224d500 Thread added: 0x0000018862252570
Event: 265.994 Thread 0x0000018860e5db90 Thread added: 0x0000018862253410
Event: 269.331 Thread 0x0000018860e63aa0 Thread added: 0x000001885e9e2c30
Event: 284.981 Thread 0x0000018860e5db90 Thread added: 0x000001885e9e0ef0
Event: 290.087 Thread 0x0000018860e5db90 Thread added: 0x000001885e9df900
Event: 296.481 Thread 0x0000018860e5db90 Thread added: 0x000001885e9e1640
Event: 329.385 Thread 0x0000018860e5db90 Thread added: 0x000001885e9e07a0


Dynamic libraries:
0x00007ff68bec0000 - 0x00007ff68bece000 	C:\Users\Victus\.jdks\temurin-24.0.2\bin\java.exe
0x00007ff83d220000 - 0x00007ff83d487000 	C:\WINDOWS\SYSTEM32\ntdll.dll
0x00007ff83bfc0000 - 0x00007ff83c089000 	C:\WINDOWS\System32\KERNEL32.DLL
0x00007ff83a370000 - 0x00007ff83a75f000 	C:\WINDOWS\System32\KERNELBASE.dll
0x00007ff83aa60000 - 0x00007ff83abab000 	C:\WINDOWS\System32\ucrtbase.dll
0x00007ff81a5d0000 - 0x00007ff81a5ee000 	C:\Users\Victus\.jdks\temurin-24.0.2\bin\VCRUNTIME140.dll
0x00007ff818ea0000 - 0x00007ff818eb6000 	C:\Users\Victus\.jdks\temurin-24.0.2\bin\jli.dll
0x00007ff83d010000 - 0x00007ff83d1d5000 	C:\WINDOWS\System32\USER32.dll
0x00007ff827450000 - 0x00007ff8276e3000 	C:\WINDOWS\WinSxS\amd64_microsoft.windows.common-controls_6595b64144ccf1df_6.0.26100.7309_none_3e05feeae336a044\COMCTL32.dll
0x00007ff83aa30000 - 0x00007ff83aa57000 	C:\WINDOWS\System32\win32u.dll
0x00007ff83cdf0000 - 0x00007ff83ce99000 	C:\WINDOWS\System32\msvcrt.dll
0x00007ff83c310000 - 0x00007ff83c33b000 	C:\WINDOWS\System32\GDI32.dll
0x00007ff83ad10000 - 0x00007ff83ae3c000 	C:\WINDOWS\System32\gdi32full.dll
0x00007ff83ac60000 - 0x00007ff83ad03000 	C:\WINDOWS\System32\msvcp_win.dll
0x00007ff83b510000 - 0x00007ff83b541000 	C:\WINDOWS\System32\IMM32.DLL
0x00007ff81d780000 - 0x00007ff81d78c000 	C:\Users\Victus\.jdks\temurin-24.0.2\bin\vcruntime140_1.dll
0x00007ff808120000 - 0x00007ff8081ad000 	C:\Users\Victus\.jdks\temurin-24.0.2\bin\msvcp140.dll
0x00007fff9a860000 - 0x00007fff9b6cc000 	C:\Users\Victus\.jdks\temurin-24.0.2\bin\server\jvm.dll
0x00007ff83c250000 - 0x00007ff83c304000 	C:\WINDOWS\System32\ADVAPI32.dll
0x00007ff83b5a0000 - 0x00007ff83b646000 	C:\WINDOWS\System32\sechost.dll
0x00007ff83be40000 - 0x00007ff83bf58000 	C:\WINDOWS\System32\RPCRT4.dll
0x00007ff83bdc0000 - 0x00007ff83be34000 	C:\WINDOWS\System32\WS2_32.dll
0x00007ff83a1f0000 - 0x00007ff83a24e000 	C:\WINDOWS\SYSTEM32\POWRPROF.dll
0x00007ff831c50000 - 0x00007ff831c5b000 	C:\WINDOWS\SYSTEM32\VERSION.dll
0x00007ff831810000 - 0x00007ff831845000 	C:\WINDOWS\SYSTEM32\WINMM.dll
0x00007ff83a1d0000 - 0x00007ff83a1e4000 	C:\WINDOWS\SYSTEM32\UMPDC.dll
0x00007ff839100000 - 0x00007ff83911b000 	C:\WINDOWS\SYSTEM32\kernel.appcore.dll
0x00007ff81e300000 - 0x00007ff81e30a000 	C:\Users\Victus\.jdks\temurin-24.0.2\bin\jimage.dll
0x00007ff828fa0000 - 0x00007ff8291e2000 	C:\WINDOWS\SYSTEM32\DBGHELP.DLL
0x00007ff83b8c0000 - 0x00007ff83bc46000 	C:\WINDOWS\System32\combase.dll
0x00007ff83bcd0000 - 0x00007ff83bda6000 	C:\WINDOWS\System32\OLEAUT32.dll
0x00007ff828730000 - 0x00007ff82876c000 	C:\WINDOWS\SYSTEM32\dbgcore.DLL
0x00007ff83abb0000 - 0x00007ff83ac55000 	C:\WINDOWS\System32\bcryptPrimitives.dll
0x00007ff8353f0000 - 0x00007ff8353ff000 	C:\Users\Victus\.jdks\temurin-24.0.2\bin\instrument.dll
0x00007ff817280000 - 0x00007ff81729e000 	C:\Users\Victus\.jdks\temurin-24.0.2\bin\java.dll
0x00007ff83cc50000 - 0x00007ff83cde7000 	C:\WINDOWS\System32\ole32.dll
0x00007ff83c470000 - 0x00007ff83cbc3000 	C:\WINDOWS\System32\SHELL32.dll
0x00007ff83a770000 - 0x00007ff83a8da000 	C:\WINDOWS\System32\wintypes.dll
0x00007ff837f30000 - 0x00007ff83878e000 	C:\WINDOWS\SYSTEM32\windows.storage.dll
0x00007ff83c350000 - 0x00007ff83c445000 	C:\WINDOWS\System32\SHCORE.dll
0x00007ff83c1e0000 - 0x00007ff83c246000 	C:\WINDOWS\System32\shlwapi.dll
0x00007ff83a290000 - 0x00007ff83a2b9000 	C:\WINDOWS\SYSTEM32\profapi.dll
0x00007fffe8a40000 - 0x00007fffe8b17000 	C:\Users\Victus\.jdks\temurin-24.0.2\bin\jsvml.dll
0x00007ff8154d0000 - 0x00007ff8154e7000 	C:\Users\Victus\.jdks\temurin-24.0.2\bin\zip.dll
0x00007ff81d1b0000 - 0x00007ff81d1c0000 	C:\Users\Victus\.jdks\temurin-24.0.2\bin\net.dll
0x00007ff839690000 - 0x00007ff8396fb000 	C:\WINDOWS\system32\mswsock.dll
0x00007ff814230000 - 0x00007ff814246000 	C:\Users\Victus\.jdks\temurin-24.0.2\bin\nio.dll
0x00007ff825360000 - 0x00007ff825369000 	C:\Users\Victus\.jdks\temurin-24.0.2\bin\extnet.dll
0x00007ff833780000 - 0x00007ff83378e000 	C:\Users\Victus\.jdks\temurin-24.0.2\bin\sunmscapi.dll
0x00007ff83ae40000 - 0x00007ff83afb7000 	C:\WINDOWS\System32\CRYPT32.dll
0x00007ff839b70000 - 0x00007ff839ba0000 	C:\WINDOWS\SYSTEM32\ncrypt.dll
0x00007ff839b20000 - 0x00007ff839b5f000 	C:\WINDOWS\SYSTEM32\NTASN1.dll
0x00007ff839950000 - 0x00007ff83996b000 	C:\WINDOWS\SYSTEM32\CRYPTSP.dll
0x00007ff839060000 - 0x00007ff83909a000 	C:\WINDOWS\system32\rsaenh.dll
0x00007ff839740000 - 0x00007ff83976b000 	C:\WINDOWS\SYSTEM32\USERENV.dll
0x00007ff83a260000 - 0x00007ff83a28a000 	C:\WINDOWS\SYSTEM32\bcrypt.dll
0x00007ff839970000 - 0x00007ff83997c000 	C:\WINDOWS\SYSTEM32\CRYPTBASE.dll
0x00007ff838ae0000 - 0x00007ff838b14000 	C:\WINDOWS\SYSTEM32\IPHLPAPI.DLL
0x00007ff83c0d0000 - 0x00007ff83c0da000 	C:\WINDOWS\System32\NSI.dll
0x00007ff833770000 - 0x00007ff83377a000 	C:\Users\Victus\.jdks\temurin-24.0.2\bin\management.dll
0x00007ff8334f0000 - 0x00007ff8334fb000 	C:\Users\Victus\.jdks\temurin-24.0.2\bin\management_ext.dll
0x00007ff83c340000 - 0x00007ff83c348000 	C:\WINDOWS\System32\PSAPI.DLL
0x00007ff838b70000 - 0x00007ff838c9c000 	C:\WINDOWS\SYSTEM32\DNSAPI.dll
0x00007ff833380000 - 0x00007ff83338b000 	C:\Windows\System32\rasadhlp.dll
0x00007ff834280000 - 0x00007ff834306000 	C:\WINDOWS\System32\fwpuclnt.dll
0x00007ff826730000 - 0x00007ff826748000 	C:\WINDOWS\system32\napinsp.dll
0x00007ff825230000 - 0x00007ff825242000 	C:\WINDOWS\System32\winrnr.dll
0x00007ff825200000 - 0x00007ff825222000 	C:\WINDOWS\system32\nlansp_c.dll
0x00007ff831350000 - 0x00007ff831366000 	C:\WINDOWS\system32\wshbth.dll
0x00007ff8340c0000 - 0x00007ff8340de000 	C:\WINDOWS\SYSTEM32\dhcpcsvc6.DLL
0x00007ff834090000 - 0x00007ff8340b3000 	C:\WINDOWS\SYSTEM32\dhcpcsvc.DLL
0x00007ff80c100000 - 0x00007ff80c108000 	C:\WINDOWS\system32\wshunix.dll

JVMTI agents:
C:\Program Files\JetBrains\IntelliJ IDEA 2025.3\lib\idea_rt.jar path:C:\Users\Victus\.jdks\temurin-24.0.2\bin\instrument.dll, loaded, initialized, instrumentlib options:59850

dbghelp: loaded successfully - version: 4.0.5 - missing functions: none
symbol engine: initialized successfully - sym options: 0x614 - pdb path: .;C:\Users\Victus\.jdks\temurin-24.0.2\bin;C:\WINDOWS\SYSTEM32;C:\WINDOWS\WinSxS\amd64_microsoft.windows.common-controls_6595b64144ccf1df_6.0.26100.7309_none_3e05feeae336a044;C:\Users\Victus\.jdks\temurin-24.0.2\bin\server

VM Arguments:
jvm_args: -javaagent:C:\Program Files\JetBrains\IntelliJ IDEA 2025.3\lib\idea_rt.jar=59850 -Dfile.encoding=UTF-8 -Dsun.stdout.encoding=UTF-8 -Dsun.stderr.encoding=UTF-8 
java_command: com.example.backend.BackendApplication
java_class_path (initial): F:\projects\Milk-Production-And-Prediction-System\backend\backend\target\classes;C:\Users\Victus\.m2\repository\org\springframework\boot\spring-boot-starter-data-jpa\4.0.0\spring-boot-starter-data-jpa-4.0.0.jar;C:\Users\Victus\.m2\repository\org\springframework\boot\spring-boot-starter\4.0.0\spring-boot-starter-4.0.0.jar;C:\Users\Victus\.m2\repository\org\springframework\boot\spring-boot-starter-logging\4.0.0\spring-boot-starter-logging-4.0.0.jar;C:\Users\Victus\.m2\repository\ch\qos\logback\logback-classic\1.5.21\logback-classic-1.5.21.jar;C:\Users\Victus\.m2\repository\ch\qos\logback\logback-core\1.5.21\logback-core-1.5.21.jar;C:\Users\Victus\.m2\repository\org\apache\logging\log4j\log4j-to-slf4j\2.25.2\log4j-to-slf4j-2.25.2.jar;C:\Users\Victus\.m2\repository\org\apache\logging\log4j\log4j-api\2.25.2\log4j-api-2.25.2.jar;C:\Users\Victus\.m2\repository\org\slf4j\jul-to-slf4j\2.0.17\jul-to-slf4j-2.0.17.jar;C:\Users\Victus\.m2\repository\org\springframework\boot\spring-boot-autoconfigure\4.0.0\spring-boot-autoconfigure-4.0.0.jar;C:\Users\Victus\.m2\repository\jakarta\annotation\jakarta.annotation-api\3.0.0\jakarta.annotation-api-3.0.0.jar;C:\Users\Victus\.m2\repository\org\yaml\snakeyaml\2.5\snakeyaml-2.5.jar;C:\Users\Victus\.m2\repository\org\springframework\boot\spring-boot-starter-jdbc\4.0.0\spring-boot-starter-jdbc-4.0.0.jar;C:\Users\Victus\.m2\repository\com\zaxxer\HikariCP\7.0.2\HikariCP-7.0.2.jar;C:\Users\Victus\.m2\repository\org\slf4j\slf4j-api\2.0.17\slf4j-api-2.0.17.jar;C:\Users\Victus\.m2\repository\org\springframework\boot\spring-boot-data-jpa\4.0.0\spring-boot-data-jpa-4.0.0.jar;C:\Users\Victus\.m2\repository\org\springframework\boot\spring-boot-data-commons\4.0.0\spring-boot-data-commons-4.0.0.jar;C:\Users\Victus\.m2\repository\org\springframework\boot\spring-boot-persistence\4.0.0\spring-boot-persistence-4.0.0.jar;C:\Users\Victus\.m2\repository\org\springframework\data\spring-data-commons\4.0.0\spring-data-commons-4.0.0.jar;C:\Users\Victus\.m2\repository\org\springframework\boot\spring-boot-hibernate\4.0.0\spring-boot-hibernate-4.0.0.jar;C:\Users\Victus\.m2\repository\org\springframework\boot\spring-boot-jpa\4.0.0\spring-boot-jpa-4.0.0.jar;C:\Users\Victus\.m2\repository\jakarta\persistence\jakarta.persistence-api\3.2.0\jakarta.persistence-api-3.2.0.jar;C:\Users\Victus\.m2\repository\org\hibernate\orm\hibernate-core\7.1.8.Final\hibernate-core-7.1.8.Final.jar;C:\Users\Victus\.m2\repository\jakarta\transaction\jakarta.transaction-api\2.0.1\jakarta.transaction-api-2.0.1.jar;C:\Users\Victus\.m2\repository\org\hibernate\models\hibernate-models\1.0.1\hibernate-models-1.0.1.jar;C:\Users\Victus\.m2\repository\org\glassfish\jaxb\jaxb-runtime\4.0.6\jaxb-runtime-4.0.6.jar;C:\Users\Victus\.m2\repository\org\glassfish\jaxb\jaxb-core\4.0.6\jaxb-core-4.0.6.jar;C:\Users\Victus\.m2\repository\org\eclipse\angus\angus-activation\2.0.3\angus-activation-2.0.3.jar;C:\Users\Victus\.m2\repository\org\glassfish\jaxb\txw2\4.0.6\txw2-4.0.6.jar;C:\Users\Victus\.m2\repository\com\sun\istack\istack-commons-runtime\4.1.2\istack-commons-runtime-4.1.2.jar;C:\Users\Victus\.m2\repository\jakarta\inject\jakarta.inject-api\2.0.1\jakarta.inject-api-2.0.1.jar;C:\Users\Victus\.m2\repository\org\springframework\spring-orm\7.0.1\spring-orm-7.0.1.jar;C:\Users\Victus\.m2\repository\org\springframework\data\spring-data-jpa\4.0.0\spring-data-jpa-4.0.0.jar;C:\Users\Victus\.m2\repository\org\springframework\spring-context\7.0.1\spring-context-7.0.1.jar;C:\Users\Victus\.m2\repository\org\springframework\spring-tx\7.0.1\spring-tx-7.0.1.jar;C:\Users\Victus\.m2\repository\org\antlr\antlr4-runtime\4.13.2\antlr4-runtime-4.13.2.jar;C:\Users\Victus\.m2\repository\org\springframework\spring-aspects\7.0.1\spring-aspects-7.0.1.jar;C:\Users\Victus\.m2\repository\org\aspectj\aspectjweaver\1.9.25\aspectjweaver-1.9.25.jar;C:\Users\Victus\.m2\repository\org\springframework\boot\spring-boot-jdbc\4.0.0\spring-boot-jdbc-4.0.0.jar;C:\Users\Victus\.m2\repository\org\springframework\boot\spring-boot\4.0.0\spring-boot-4.0.0.jar;C:\Users\Victus\.m2\repository\org\springframework\boot\spring-boot-sql\4.0.0\spring-boot-sql-4.0.0.jar;C:\Users\Victus\.m2\repository\org\springframework\boot\spring-boot-transaction\4.0.0\spring-boot-transaction-4.0.0.jar;C:\Users\Victus\.m2\repository\org\springframework\spring-jdbc\7.0.1\spring-jdbc-7.0.1.jar;C:\Users\Victus\.m2\repository\org\springframework\boot\spring-boot-starter-webmvc\4.0.0\spring-boot-starter-webmvc-4.0.0.jar;C:\Users\Victus\.m2\repository\org\springframework\boot\spring-boot-starter-jackson\4.0.0\spring-boot-starter-jackson-4.0.0.jar;C:\Users\Victus\.m2\repository\org\springframework\boot\spring-boot-jackson\4.0.0\spring-boot-jackson-4.0.0.jar;C:\Users\Victus\.m2\repository\tools\jackson\core\jackson-databind\3.0.2\jackson-databind-3.0.2.jar;C:\Users\Victus\.m2\repository\tools\jackson\core\jackson-core\3.0.2\jackson-core-3.0.2.jar;C:\Users\Victus\.m2\repository\org\springframework\boot\spring-boot-starter-tomcat\4.0.0\spring-boot-starter-tomcat-4.0.0.jar;C:\Users\Victus\.m2\repository\org\springframework\boot\spring-boot-starter-tomcat-runtime\4.0.0\spring-boot-starter-tomcat-runtime-4.0.0.jar;C:\Users\Victus\.m2\repository\org\apache\tomcat\embed\tomcat-embed-core\11.0.14\tomcat-embed-core-11.0.14.jar;C:\Users\Victus\.m2\repository\org\apache\tomcat\embed\tomcat-embed-websocket\11.0.14\tomcat-embed-websocket-11.0.14.jar;C:\Users\Victus\.m2\repository\org\springframework\boot\spring-boot-tomcat\4.0.0\spring-boot-tomcat-4.0.0.jar;C:\Users\Victus\.m2\repository\org\springframework\boot\spring-boot-http-converter\4.0.0\spring-boot-http-converter-4.0.0.jar;C:\Users\Victus\.m2\repository\org\springframework\spring-web\7.0.1\spring-web-7.0.1.jar;C:\Users\Victus\.m2\repository\io\micrometer\micrometer-observation\1.16.0\micrometer-observation-1.16.0.jar;C:\Users\Victus\.m2\repository\io\micrometer\micrometer-commons\1.16.0\micrometer-commons-1.16.0.jar;C:\Users\Victus\.m2\repository\org\springframework\boot\spring-boot-webmvc\4.0.0\spring-boot-webmvc-4.0.0.jar;C:\Users\Victus\.m2\repository\org\springframework\boot\spring-boot-servlet\4.0.0\spring-boot-servlet-4.0.0.jar;C:\Users\Victus\.m2\repository\org\springframework\spring-webmvc\7.0.1\spring-webmvc-7.0.1.jar;C:\Users\Victus\.m2\repository\org\springframework\spring-expression\7.0.1\spring-expression-7.0.1.jar;C:\Users\Victus\.m2\repository\org\springframework\boot\spring-boot-starter-validation\4.0.0\spring-boot-starter-validation-4.0.0.jar;C:\Users\Victus\.m2\repository\org\springframework\boot\spring-boot-validation\4.0.0\spring-boot-validation-4.0.0.jar;C:\Users\Victus\.m2\repository\org\apache\tomcat\embed\tomcat-embed-el\11.0.14\tomcat-embed-el-11.0.14.jar;C:\Users\Victus\.m2\repository\org\hibernate\validator\hibernate-validator\9.0.1.Final\hibernate-validator-9.0.1.Final.jar;C:\Users\Victus\.m2\repository\jakarta\validation\jakarta.validation-api\3.1.1\jakarta.validation-api-3.1.1.jar;C:\Users\Victus\.m2\repository\org\jboss\logging\jboss-logging\3.6.1.Final\jboss-logging-3.6.1.Final.jar;C:\Users\Victus\.m2\repository\com\fasterxml\classmate\1.7.1\classmate-1.7.1.jar;C:\Users\Victus\.m2\repository\org\springframework\boot\spring-boot-starter-data-redis\4.0.0\spring-boot-starter-data-redis-4.0.0.jar;C:\Users\Victus\.m2\repository\org\springframework\boot\spring-boot-data-redis\4.0.0\spring-boot-data-redis-4.0.0.jar;C:\Users\Victus\.m2\repository\io\lettuce\lettuce-core\6.8.1.RELEASE\lettuce-core-6.8.1.RELEASE.jar;C:\Users\Victus\.m2\repository\redis\clients\authentication\redis-authx-core\0.1.1-beta2\redis-authx-core-0.1.1-beta2.jar;C:\Users\Victus\.m2\repository\io\netty\netty-common\4.2.7.Final\netty-common-4.2.7.Final.jar;C:\Users\Victus\.m2\repository\io\netty\netty-handler\4.2.7.Final\netty-handler-4.2.7.Final.jar;C:\Users\Victus\.m2\repository\io\netty\netty-resolver\4.2.7.Final\netty-resolver-4.2.7.Final.jar;C:\Users\Victus\.m2\repository\io\netty\netty-buffer\4.2.7.Final\netty-buffer-4.2.7.Final.jar;C:\Users\Victus\.m2\repository\io\netty\netty-transport-native-unix-common\4.2.7.Final\netty-transport-native-unix-common-4.2.7.Final.jar;C:\Users\Victus\.m2\repository\io\netty\netty-codec-base\4.2.7.Final\netty-codec-base-4.2.7.Final.jar;C:\Users\Victus\.m2\repository\io\netty\netty-transport\4.2.7.Final\netty-transport-4.2.7.Final.jar;C:\Users\Victus\.m2\repository\io\projectreactor\reactor-core\3.8.0\reactor-core-3.8.0.jar;C:\Users\Victus\.m2\repository\org\reactivestreams\reactive-streams\1.0.4\reactive-streams-1.0.4.jar;C:\Users\Victus\.m2\repository\io\netty\netty-resolver-dns\4.2.7.Final\netty-resolver-dns-4.2.7.Final.jar;C:\Users\Victus\.m2\repository\io\netty\netty-codec-dns\4.2.7.Final\netty-codec-dns-4.2.7.Final.jar;C:\Users\Victus\.m2\repository\org\springframework\data\spring-data-redis\4.0.0\spring-data-redis-4.0.0.jar;C:\Users\Victus\.m2\repository\org\springframework\data\spring-data-keyvalue\4.0.0\spring-data-keyvalue-4.0.0.jar;C:\Users\Victus\.m2\repository\org\springframework\spring-oxm\7.0.1\spring-oxm-7.0.1.jar;C:\Users\Victus\.m2\repository\org\springframework\spring-context-support\7.0.1\spring-context-support-7.0.1.jar;C:\Users\Victus\.m2\repository\org\springframework\boot\spring-boot-netty\4.0.0\spring-boot-netty-4.0.0.jar;C:\Users\Victus\.m2\repository\org\mariadb\jdbc\mariadb-java-client\3.5.7\mariadb-java-client-3.5.7.jar;C:\Users\Victus\.m2\repository\org\modelmapper\modelmapper\3.2.6\modelmapper-3.2.6.jar;C:\Users\Victus\.m2\repository\com\mysql\mysql-connector-j\9.5.0\mysql-connector-j-9.5.0.jar;C:\Users\Victus\.m2\repository\org\projectlombok\lombok\1.18.42\lombok-1.18.42.jar;C:\Users\Victus\.m2\repository\jakarta\xml\bind\jakarta.xml.bind-api\4.0.4\jakarta.xml.bind-api-4.0.4.jar;C:\Users\Victus\.m2\repository\jakarta\activation\jakarta.activation-api\2.1.4\jakarta.activation-api-2.1.4.jar;C:\Users\Victus\.m2\repository\net\bytebuddy\byte-buddy\1.17.8\byte-buddy-1.17.8.jar;C:\Users\Victus\.m2\repository\org\springframework\spring-core\7.0.1\spring-core-7.0.1.jar;C:\Users\Victus\.m2\repository\commons-logging\commons-logging\1.3.5\commons-logging-1.3.5.jar;C:\Users\Victus\.m2\repository\org\jspecify\jspecify\1.0.0\jspecify-1.0.0.jar;C:\Users\Victus\.m2\repository\org\springframework\boot\spring-boot-web-server\4.0.0\spring-boot-web-server-4.0.0.jar;C:\Users\Victus\.m2\repository\org\springframework\boot\spring-boot-starter-security\4.0.0\spring-boot-starter-security-4.0.0.jar;C:\Users\Victus\.m2\repository\org\springframework\boot\spring-boot-security\4.0.0\spring-boot-security-4.0.0.jar;C:\Users\Victus\.m2\repository\org\springframework\security\spring-security-config\7.0.0\spring-security-config-7.0.0.jar;C:\Users\Victus\.m2\repository\org\springframework\security\spring-security-core\7.0.0\spring-security-core-7.0.0.jar;C:\Users\Victus\.m2\repository\org\springframework\security\spring-security-crypto\7.0.0\spring-security-crypto-7.0.0.jar;C:\Users\Victus\.m2\repository\org\springframework\security\spring-security-web\7.0.0\spring-security-web-7.0.0.jar;C:\Users\Victus\.m2\repository\org\springframework\spring-aop\7.0.1\spring-aop-7.0.1.jar;C:\Users\Victus\.m2\repository\org\springframework\spring-beans\7.0.1\spring-beans-7.0.1.jar;C:\Users\Victus\.m2\repository\io\jsonwebtoken\jjwt-api\0.12.5\jjwt-api-0.12.5.jar;C:\Users\Victus\.m2\repository\io\jsonwebtoken\jjwt-impl\0.12.5\jjwt-impl-0.12.5.jar;C:\Users\Victus\.m2\repository\io\jsonwebtoken\jjwt-jackson\0.12.5\jjwt-jackson-0.12.5.jar;C:\Users\Victus\.m2\repository\com\fasterxml\jackson\core\jackson-databind\2.20.1\jackson-databind-2.20.1.jar;C:\Users\Victus\.m2\repository\com\fasterxml\jackson\core\jackson-annotations\2.20\jackson-annotations-2.20.jar;C:\Users\Victus\.m2\repository\com\fasterxml\jackson\core\jackson-core\2.20.1\jackson-core-2.20.1.jar
Launcher Type: SUN_STANDARD

[Global flags]
     intx CICompilerCount                          = 4                                         {product} {ergonomic}
     uint ConcGCThreads                            = 3                                         {product} {ergonomic}
     uint G1ConcRefinementThreads                  = 10                                        {product} {ergonomic}
   size_t G1HeapRegionSize                         = 1048576                                   {product} {ergonomic}
   size_t InitialHeapSize                          = 123731968                                 {product} {ergonomic}
   size_t MarkStackSize                            = 4194304                                   {product} {ergonomic}
   size_t MarkStackSizeMax                         = 536870912                                 {product} {ergonomic}
   size_t MaxHeapSize                              = 1971322880                                {product} {ergonomic}
   size_t MaxNewSize                               = 1182793728                                {product} {ergonomic}
   size_t MinHeapDeltaBytes                        = 1048576                                   {product} {ergonomic}
   size_t MinHeapSize                              = 8388608                                   {product} {ergonomic}
    uintx NonNMethodCodeHeapSize                   = 5832704                                {pd product} {ergonomic}
    uintx NonProfiledCodeHeapSize                  = 122945536                              {pd product} {ergonomic}
    uintx ProfiledCodeHeapSize                     = 122880000                              {pd product} {ergonomic}
    uintx ReservedCodeCacheSize                    = 251658240                              {pd product} {ergonomic}
     bool SegmentedCodeCache                       = true                                      {product} {ergonomic}
   size_t SoftMaxHeapSize                          = 1971322880                             {manageable} {ergonomic}
     bool UseCompressedOops                        = true                           {product lp64_product} {ergonomic}
     bool UseG1GC                                  = true                                      {product} {ergonomic}
     bool UseLargePagesIndividualAllocation        = false                                  {pd product} {ergonomic}

Logging:
Log output configuration:
 #0: stdout all=warning uptime,level,tags foldmultilines=false
 #1: stderr all=off uptime,level,tags foldmultilines=false

Environment Variables:
JAVA_HOME=C:\Program Files\Microsoft\jdk-17.0.17.10-hotspot\
PATH=C:\Program Files\Common Files\Oracle\Java\javapath;C:\Program Files\Microsoft\jdk-17.0.17.10-hotspot\bin;C:\Program Files (x86)\Common Files\Oracle\Java\javapath;C:\WINDOWS\system32;C:\WINDOWS;C:\WINDOWS\System32\Wbem;C:\WINDOWS\System32\WindowsPowerShell\v1.0\;C:\WINDOWS\System32\OpenSSH\;C:\MinGW\bin;C:\Program Files\nodejs\;C:\Program Files\MySQL\MySQL Server 8.0\bin;C:\Program Files\Git\cmd;C:\flutter\flutter\bin;C:\Program Files (x86)\Windows Kits\10\Windows Performance Toolkit\;C:\Users\Victus\AppData\Local\Pub\Cache\bin;C:\Program Files\PuTTY\;C:\Program Files\Amazon\AWSCLIV2\;C:\Program Files\Docker\Docker\resources\bin;C:\Program Files\Minikube\;C:\minikube;C:\Program Files\Terraform;;C:\ProgramData\chocolatey\bin;C:\Program Files\cursor\resources\app\bin;C:\Program Files\MySQL\MySQL Shell 8.0\bin\;C:\Users\Victus\AppData\Local\Programs\Python\Python313\Scripts\;C:\Users\Victus\AppData\Local\Programs\Python\Python313\;C:\Users\Victus\AppData\Local\Microsoft\WindowsApps;C:\Users\Victus\AppData\Local\Programs\Microsoft VS Code\bin;C:\MinGW\bin;C:\Users\Victus\AppData\Roaming\npm;C:\Users\Victus\.bun\bin;C:\Program Files\JetBrains\IntelliJ IDEA 2025.3\bin
USERNAME=Victus
OS=Windows_NT
PROCESSOR_IDENTIFIER=AMD64 Family 25 Model 80 Stepping 0, AuthenticAMD
TMP=C:\Users\Victus\AppData\Local\Temp
TEMP=C:\Users\Victus\AppData\Local\Temp




Periodic native trim disabled

---------------  S Y S T E M  ---------------

OS:
 Windows 11 , 64 bit Build 26100 (10.0.26100.7623)
OS uptime: 5 days 7:18 hours
Hyper-V role detected

CPU: total 12 (initial active 12) (12 cores per cpu, 2 threads per core) family 25 model 80 stepping 0 microcode 0xa50000f, cx8, cmov, fxsr, ht, mmx, 3dnowpref, sse, sse2, sse3, ssse3, sse4a, sse4.1, sse4.2, popcnt, lzcnt, tsc, tscinvbit, avx, avx2, aes, erms, clmul, bmi1, bmi2, adx, sha, fma, vzeroupper, clflush, clflushopt, hv, rdtscp, rdpid, fsrm, f16c, cet_ss
Processor Information for processor 0
  Max Mhz: 3301, Current Mhz: 1805, Mhz Limit: 3301
Processor Information for processor 1
  Max Mhz: 3301, Current Mhz: 1805, Mhz Limit: 3301
Processor Information for processor 2
  Max Mhz: 3301, Current Mhz: 1805, Mhz Limit: 3301
Processor Information for processor 3
  Max Mhz: 3301, Current Mhz: 1805, Mhz Limit: 3301
Processor Information for processor 4
  Max Mhz: 3301, Current Mhz: 1805, Mhz Limit: 3301
Processor Information for processor 5
  Max Mhz: 3301, Current Mhz: 1805, Mhz Limit: 3301
Processor Information for processor 6
  Max Mhz: 3301, Current Mhz: 3301, Mhz Limit: 3301
Processor Information for processor 7
  Max Mhz: 3301, Current Mhz: 1805, Mhz Limit: 3301
Processor Information for processor 8
  Max Mhz: 3301, Current Mhz: 3301, Mhz Limit: 3301
Processor Information for processor 9
  Max Mhz: 3301, Current Mhz: 3301, Mhz Limit: 3301
Processor Information for processor 10
  Max Mhz: 3301, Current Mhz: 1805, Mhz Limit: 3301
Processor Information for processor 11
  Max Mhz: 3301, Current Mhz: 3301, Mhz Limit: 3301

Memory: 4k page, system-wide physical 7518M (562M free)
TotalPageFile size 20318M (AvailPageFile size 0M)
current process WorkingSet (physical memory assigned to process): 42M, peak: 427M
current process commit charge ("private bytes"): 482M, peak: 503M

vm_info: OpenJDK 64-Bit Server VM (24.0.2+12) for windows-amd64 JRE (24.0.2+12), built on 2025-07-15T00:00:00Z with MS VC++ 17.7 (VS2022)

END.
